[ 2017-12-25T09:38:20+08:00 ] 192.168.0.103 /yan/index.php/Admin/Paper/show/paper_id/67d7f00aee287d14339293e770f10459
INFO: [ app_init ] --START--
INFO: Run Behavior\BuildLiteBehavior [ RunTime:0.000015s ]
INFO: [ app_init ] --END-- [ RunTime:0.234838s ]
INFO: [ app_begin ] --START--
INFO: Run Behavior\ReadHtmlCacheBehavior [ RunTime:0.073578s ]
INFO: [ app_begin ] --END-- [ RunTime:0.073638s ]
NOTIC: [2048] Declaration of Admin\Controller\PaperController::show() should be compatible with Think\Controller::show($content, $charset = '', $contentType = '', $prefix = '') D:\database\Project\working\company\yan\App\Admin\Controller\PaperController.class.php ç¬¬ 19 è¡Œ.

[ 2017-12-25T09:38:22+08:00 ] 192.168.0.103 /yan/index.php/Admin/Login/login.html
INFO: [ app_init ] --START--
INFO: Run Behavior\BuildLiteBehavior [ RunTime:0.000010s ]
INFO: [ app_init ] --END-- [ RunTime:0.000388s ]
INFO: [ app_begin ] --START--
INFO: Run Behavior\ReadHtmlCacheBehavior [ RunTime:0.000486s ]
INFO: [ app_begin ] --END-- [ RunTime:0.000517s ]
ERR: SQLSTATE[HY000] [2002] ÓÉÓÚÄ¿±ê¼ÆËã»ú»ý¼«¾Ü¾ø£¬ÎÞ·¨Á¬½Ó¡£


[ 2017-12-25T09:38:40+08:00 ] 192.168.0.103 /yan/index.php/Admin/Login/login.html
INFO: [ app_init ] --START--
INFO: Run Behavior\BuildLiteBehavior [ RunTime:0.000015s ]
INFO: [ app_init ] --END-- [ RunTime:0.000987s ]
INFO: [ app_begin ] --START--
INFO: Run Behavior\ReadHtmlCacheBehavior [ RunTime:0.000591s ]
INFO: [ app_begin ] --END-- [ RunTime:0.000631s ]
ERR: SQLSTATE[HY000] [2002] ÓÉÓÚÄ¿±ê¼ÆËã»ú»ý¼«¾Ü¾ø£¬ÎÞ·¨Á¬½Ó¡£


[ 2017-12-25T10:31:20+08:00 ] 192.168.0.103 /yan/index.php/Admin/Login/login.html
INFO: [ app_init ] --START--
INFO: Run Behavior\BuildLiteBehavior [ RunTime:0.000008s ]
INFO: [ app_init ] --END-- [ RunTime:0.000217s ]
INFO: [ app_begin ] --START--
INFO: Run Behavior\ReadHtmlCacheBehavior [ RunTime:0.000332s ]
INFO: [ app_begin ] --END-- [ RunTime:0.000363s ]
SQL: SHOW COLUMNS FROM `y_config` [ RunTime:0.0006s ]
SQL: SELECT `app_name` FROM `y_config` LIMIT 1   [ RunTime:0.0002s ]
INFO: [ view_parse ] --START--
INFO: [ template_filter ] --START--
INFO: Run Behavior\ContentReplaceBehavior [ RunTime:0.000097s ]
INFO: [ template_filter ] --END-- [ RunTime:0.000137s ]
INFO: Run Behavior\ParseTemplateBehavior [ RunTime:0.022865s ]
INFO: [ view_parse ] --END-- [ RunTime:0.022914s ]
INFO: [ view_filter ] --START--
INFO: Run Behavior\WriteHtmlCacheBehavior [ RunTime:0.000306s ]
INFO: [ view_filter ] --END-- [ RunTime:0.000333s ]
INFO: [ app_end ] --START--
INFO: Run Behavior\ShowPageTraceBehavior [ RunTime:0.000443s ]
INFO: [ app_end ] --END-- [ RunTime:0.000489s ]

[ 2017-12-25T10:31:22+08:00 ] 192.168.0.103 /yan/index.php/Admin/Login/getCode
INFO: [ app_init ] --START--
INFO: Run Behavior\BuildLiteBehavior [ RunTime:0.000009s ]
INFO: [ app_init ] --END-- [ RunTime:0.000221s ]
INFO: [ app_begin ] --START--
INFO: Run Behavior\ReadHtmlCacheBehavior [ RunTime:0.000330s ]
INFO: [ app_begin ] --END-- [ RunTime:0.000362s ]
SQL: SHOW COLUMNS FROM `y_config` [ RunTime:0.0005s ]
SQL: SELECT `app_name` FROM `y_config` LIMIT 1   [ RunTime:0.0002s ]
INFO: [ app_end ] --START--
INFO: Run Behavior\ShowPageTraceBehavior [ RunTime:0.003556s ]
INFO: [ app_end ] --END-- [ RunTime:0.003722s ]

[ 2017-12-25T16:21:58+08:00 ] 192.168.0.105 /yan/index.php/Admin/Notice/showList
INFO: [ app_init ] --START--
INFO: Run Behavior\BuildLiteBehavior [ RunTime:0.000021s ]
INFO: [ app_init ] --END-- [ RunTime:0.000570s ]
INFO: [ app_begin ] --START--
INFO: Run Behavior\ReadHtmlCacheBehavior [ RunTime:0.000504s ]
INFO: [ app_begin ] --END-- [ RunTime:0.000565s ]
SQL: SHOW COLUMNS FROM `y_config` [ RunTime:0.0007s ]
SQL: SELECT `app_name` FROM `y_config` LIMIT 1   [ RunTime:0.0002s ]
INFO: [ view_parse ] --START--
INFO: [ template_filter ] --START--
INFO: Run Behavior\ContentReplaceBehavior [ RunTime:0.000237s ]
INFO: [ template_filter ] --END-- [ RunTime:0.000280s ]
INFO: Run Behavior\ParseTemplateBehavior [ RunTime:0.041583s ]
INFO: [ view_parse ] --END-- [ RunTime:0.041653s ]
INFO: [ view_filter ] --START--
INFO: Run Behavior\WriteHtmlCacheBehavior [ RunTime:0.000419s ]
INFO: [ view_filter ] --END-- [ RunTime:0.000460s ]
INFO: [ app_end ] --START--
INFO: Run Behavior\ShowPageTraceBehavior [ RunTime:0.000798s ]
INFO: [ app_end ] --END-- [ RunTime:0.000906s ]

[ 2017-12-25T16:21:59+08:00 ] 192.168.0.105 /yan/index.php/Admin/Use/getListWhere?page=1&limit=30&table=paper&where%5Bpaper_type%5D=notice
INFO: [ app_init ] --START--
INFO: Run Behavior\BuildLiteBehavior [ RunTime:0.000010s ]
INFO: [ app_init ] --END-- [ RunTime:0.000362s ]
INFO: [ app_begin ] --START--
INFO: Run Behavior\ReadHtmlCacheBehavior [ RunTime:0.000514s ]
INFO: [ app_begin ] --END-- [ RunTime:0.000544s ]
SQL: SHOW COLUMNS FROM `y_config` [ RunTime:0.0005s ]
SQL: SELECT `app_name` FROM `y_config` LIMIT 1   [ RunTime:0.0002s ]
SQL: SHOW COLUMNS FROM `y_paper` [ RunTime:0.0004s ]
NOTIC: [8] Undefined index: order D:\database\Project\working\company\yan\App\Admin\Controller\UseController.class.php ç¬¬ 221 è¡Œ.
SQL: SELECT COUNT(*) AS tp_count FROM `y_paper` LIMIT 1   [ RunTime:0.0565s ]
SQL: SELECT * FROM `y_paper` WHERE `paper_type` = 'notice' ORDER BY add_time desc LIMIT 0,30   [ RunTime:0.0004s ]
INFO: [ app_end ] --START--
INFO: Run Behavior\ShowPageTraceBehavior [ RunTime:0.000633s ]
INFO: [ app_end ] --END-- [ RunTime:0.000674s ]

[ 2017-12-25T17:06:22+08:00 ] 192.168.0.105 /yan/index.php/Admin
INFO: [ app_init ] --START--
INFO: Run Behavior\BuildLiteBehavior [ RunTime:0.000010s ]
INFO: [ app_init ] --END-- [ RunTime:0.000276s ]
INFO: [ app_begin ] --START--
INFO: Run Behavior\ReadHtmlCacheBehavior [ RunTime:0.000511s ]
INFO: [ app_begin ] --END-- [ RunTime:0.000552s ]
SQL: SHOW COLUMNS FROM `y_config` [ RunTime:0.0005s ]
SQL: SELECT `app_name` FROM `y_config` LIMIT 1   [ RunTime:0.0002s ]
INFO: [ view_parse ] --START--
INFO: [ template_filter ] --START--
INFO: Run Behavior\ContentReplaceBehavior [ RunTime:0.000209s ]
INFO: [ template_filter ] --END-- [ RunTime:0.000249s ]
INFO: Run Behavior\ParseTemplateBehavior [ RunTime:0.018292s ]
INFO: [ view_parse ] --END-- [ RunTime:0.018379s ]
INFO: [ view_filter ] --START--
INFO: Run Behavior\WriteHtmlCacheBehavior [ RunTime:0.000575s ]
INFO: [ view_filter ] --END-- [ RunTime:0.000617s ]
INFO: [ app_end ] --START--
INFO: Run Behavior\ShowPageTraceBehavior [ RunTime:0.000920s ]
INFO: [ app_end ] --END-- [ RunTime:0.000993s ]

[ 2017-12-25T17:06:22+08:00 ] 192.168.0.105 /yan/index.php/Admin/Index/home
INFO: [ app_init ] --START--
INFO: Run Behavior\BuildLiteBehavior [ RunTime:0.000014s ]
INFO: [ app_init ] --END-- [ RunTime:0.000401s ]
INFO: [ app_begin ] --START--
INFO: Run Behavior\ReadHtmlCacheBehavior [ RunTime:0.000766s ]
INFO: [ app_begin ] --END-- [ RunTime:0.000844s ]
SQL: SHOW COLUMNS FROM `y_config` [ RunTime:0.0004s ]
SQL: SELECT `app_name` FROM `y_config` LIMIT 1   [ RunTime:0.0001s ]
INFO: [ view_parse ] --START--
INFO: [ template_filter ] --START--
INFO: Run Behavior\ContentReplaceBehavior [ RunTime:0.000153s ]
INFO: [ template_filter ] --END-- [ RunTime:0.000194s ]
INFO: Run Behavior\ParseTemplateBehavior [ RunTime:0.054798s ]
INFO: [ view_parse ] --END-- [ RunTime:0.054883s ]
INFO: [ view_filter ] --START--
INFO: Run Behavior\WriteHtmlCacheBehavior [ RunTime:0.000652s ]
INFO: [ view_filter ] --END-- [ RunTime:0.000710s ]
INFO: [ app_end ] --START--
INFO: Run Behavior\ShowPageTraceBehavior [ RunTime:0.000851s ]
INFO: [ app_end ] --END-- [ RunTime:0.000910s ]

[ 2017-12-25T17:06:23+08:00 ] 192.168.0.105 /yan/index.php/Admin/Hosp/showList
INFO: [ app_init ] --START--
INFO: Run Behavior\BuildLiteBehavior [ RunTime:0.000009s ]
INFO: [ app_init ] --END-- [ RunTime:0.000258s ]
INFO: [ app_begin ] --START--
INFO: Run Behavior\ReadHtmlCacheBehavior [ RunTime:0.000513s ]
INFO: [ app_begin ] --END-- [ RunTime:0.000554s ]
SQL: SHOW COLUMNS FROM `y_config` [ RunTime:0.0005s ]
SQL: SELECT `app_name` FROM `y_config` LIMIT 1   [ RunTime:0.0003s ]
INFO: [ view_parse ] --START--
INFO: [ template_filter ] --START--
INFO: Run Behavior\ContentReplaceBehavior [ RunTime:0.000220s ]
INFO: [ template_filter ] --END-- [ RunTime:0.000272s ]
INFO: Run Behavior\ParseTemplateBehavior [ RunTime:0.021249s ]
INFO: [ view_parse ] --END-- [ RunTime:0.021308s ]
INFO: [ view_filter ] --START--
INFO: Run Behavior\WriteHtmlCacheBehavior [ RunTime:0.000551s ]
INFO: [ view_filter ] --END-- [ RunTime:0.000605s ]
INFO: [ app_end ] --START--
INFO: Run Behavior\ShowPageTraceBehavior [ RunTime:0.000859s ]
INFO: [ app_end ] --END-- [ RunTime:0.000928s ]

[ 2017-12-25T17:06:24+08:00 ] 192.168.0.105 /yan/index.php/Admin/Use/getListWhere?page=1&limit=30&table=hosp
INFO: [ app_init ] --START--
INFO: Run Behavior\BuildLiteBehavior [ RunTime:0.000010s ]
INFO: [ app_init ] --END-- [ RunTime:0.000280s ]
INFO: [ app_begin ] --START--
INFO: Run Behavior\ReadHtmlCacheBehavior [ RunTime:0.000472s ]
INFO: [ app_begin ] --END-- [ RunTime:0.000507s ]
SQL: SHOW COLUMNS FROM `y_config` [ RunTime:0.0005s ]
SQL: SELECT `app_name` FROM `y_config` LIMIT 1   [ RunTime:0.0002s ]
SQL: SHOW COLUMNS FROM `y_hosp` [ RunTime:0.0006s ]
NOTIC: [8] Undefined index: where D:\database\Project\working\company\yan\App\Admin\Controller\UseController.class.php ç¬¬ 220 è¡Œ.
NOTIC: [8] Undefined index: order D:\database\Project\working\company\yan\App\Admin\Controller\UseController.class.php ç¬¬ 221 è¡Œ.
SQL: SELECT COUNT(*) AS tp_count FROM `y_hosp` LIMIT 1   [ RunTime:0.0002s ]
SQL: SELECT * FROM `y_hosp` ORDER BY add_time desc LIMIT 0,30   [ RunTime:0.0002s ]
INFO: [ app_end ] --START--
INFO: Run Behavior\ShowPageTraceBehavior [ RunTime:0.000581s ]
INFO: [ app_end ] --END-- [ RunTime:0.000614s ]

[ 2017-12-25T17:06:25+08:00 ] 192.168.0.105 /yan/index.php/Admin/Hosp/edit/hosp_id/994595068839d632cb2081aa09fc5ee0
INFO: [ app_init ] --START--
INFO: Run Behavior\BuildLiteBehavior [ RunTime:0.000009s ]
INFO: [ app_init ] --END-- [ RunTime:0.000259s ]
INFO: [ app_begin ] --START--
INFO: Run Behavior\ReadHtmlCacheBehavior [ RunTime:0.000447s ]
INFO: [ app_begin ] --END-- [ RunTime:0.000480s ]
SQL: SHOW COLUMNS FROM `y_config` [ RunTime:0.0006s ]
SQL: SELECT `app_name` FROM `y_config` LIMIT 1   [ RunTime:0.0002s ]
SQL: SHOW COLUMNS FROM `y_hosp` [ RunTime:0.0006s ]
SQL: SELECT * FROM `y_hosp` WHERE `hosp_id` = '994595068839d632cb2081aa09fc5ee0' LIMIT 1   [ RunTime:0.0003s ]
INFO: [ view_parse ] --START--
INFO: [ template_filter ] --START--
INFO: Run Behavior\ContentReplaceBehavior [ RunTime:0.000193s ]
INFO: [ template_filter ] --END-- [ RunTime:0.000231s ]
INFO: Run Behavior\ParseTemplateBehavior [ RunTime:0.089188s ]
INFO: [ view_parse ] --END-- [ RunTime:0.089240s ]
INFO: [ view_filter ] --START--
INFO: Run Behavior\WriteHtmlCacheBehavior [ RunTime:0.000562s ]
INFO: [ view_filter ] --END-- [ RunTime:0.000608s ]
INFO: [ app_end ] --START--
INFO: Run Behavior\ShowPageTraceBehavior [ RunTime:0.000865s ]
INFO: [ app_end ] --END-- [ RunTime:0.000938s ]

[ 2017-12-25T17:06:40+08:00 ] 192.168.0.105 /yan/index.php/Admin/Use/upFile
INFO: [ app_init ] --START--
INFO: Run Behavior\BuildLiteBehavior [ RunTime:0.000012s ]
INFO: [ app_init ] --END-- [ RunTime:0.000304s ]
INFO: [ app_begin ] --START--
INFO: Run Behavior\ReadHtmlCacheBehavior [ RunTime:0.000425s ]
INFO: [ app_begin ] --END-- [ RunTime:0.000462s ]
SQL: SHOW COLUMNS FROM `y_config` [ RunTime:0.0004s ]
SQL: SELECT `app_name` FROM `y_config` LIMIT 1   [ RunTime:0.0002s ]
NOTIC: [2] call_user_func() expects parameter 1 to be a valid callback, no array or string given D:\database\Project\working\company\yan\ThinkPHP\Library\Think\Upload.class.php ç¬¬ 170 è¡Œ.
INFO: [ app_end ] --START--
INFO: Run Behavior\ShowPageTraceBehavior [ RunTime:0.001275s ]
INFO: [ app_end ] --END-- [ RunTime:0.001339s ]

[ 2017-12-25T17:06:41+08:00 ] 192.168.0.105 /yan/index.php/Admin/use/saveField
INFO: [ app_init ] --START--
INFO: Run Behavior\BuildLiteBehavior [ RunTime:0.000009s ]
INFO: [ app_init ] --END-- [ RunTime:0.000322s ]
INFO: [ app_begin ] --START--
INFO: Run Behavior\ReadHtmlCacheBehavior [ RunTime:0.000737s ]
INFO: [ app_begin ] --END-- [ RunTime:0.000767s ]
SQL: SHOW COLUMNS FROM `y_config` [ RunTime:0.0009s ]
SQL: SELECT `app_name` FROM `y_config` LIMIT 1   [ RunTime:0.0002s ]
SQL: SHOW COLUMNS FROM `y_hosp` [ RunTime:0.0007s ]
SQL: UPDATE `y_hosp` SET `hosp_title`='åŒ»é™¢c',`hosp_head`='/Public/Upload//hosp/img/2017-12-25/5a40bfa0598f8.jpg',`hosp_info`='asdas123123123',`edit_time`='1514192801' WHERE `hosp_id` = '994595068839d632cb2081aa09fc5ee0' [ RunTime:0.0520s ]
INFO: [ app_end ] --START--
INFO: Run Behavior\ShowPageTraceBehavior [ RunTime:0.000898s ]
INFO: [ app_end ] --END-- [ RunTime:0.000929s ]

[ 2017-12-25T17:06:43+08:00 ] 192.168.0.105 /yan/index.php/Admin/Hosp/edit/hosp_id/569cd3160ebbe51e859a2eda4347024c
INFO: [ app_init ] --START--
INFO: Run Behavior\BuildLiteBehavior [ RunTime:0.000014s ]
INFO: [ app_init ] --END-- [ RunTime:0.000463s ]
INFO: [ app_begin ] --START--
INFO: Run Behavior\ReadHtmlCacheBehavior [ RunTime:0.000773s ]
INFO: [ app_begin ] --END-- [ RunTime:0.000816s ]
SQL: SHOW COLUMNS FROM `y_config` [ RunTime:0.0005s ]
SQL: SELECT `app_name` FROM `y_config` LIMIT 1   [ RunTime:0.0002s ]
SQL: SHOW COLUMNS FROM `y_hosp` [ RunTime:0.0007s ]
SQL: SELECT * FROM `y_hosp` WHERE `hosp_id` = '569cd3160ebbe51e859a2eda4347024c' LIMIT 1   [ RunTime:0.0003s ]
INFO: [ view_parse ] --START--
INFO: [ template_filter ] --START--
INFO: Run Behavior\ContentReplaceBehavior [ RunTime:0.000200s ]
INFO: [ template_filter ] --END-- [ RunTime:0.000241s ]
INFO: Run Behavior\ParseTemplateBehavior [ RunTime:0.008456s ]
INFO: [ view_parse ] --END-- [ RunTime:0.008533s ]
INFO: [ view_filter ] --START--
INFO: Run Behavior\WriteHtmlCacheBehavior [ RunTime:0.001141s ]
INFO: [ view_filter ] --END-- [ RunTime:0.001199s ]
INFO: [ app_end ] --START--
INFO: Run Behavior\ShowPageTraceBehavior [ RunTime:0.002610s ]
INFO: [ app_end ] --END-- [ RunTime:0.002681s ]

[ 2017-12-25T17:06:48+08:00 ] 192.168.0.105 /yan/index.php/Admin/Use/upFile
INFO: [ app_init ] --START--
INFO: Run Behavior\BuildLiteBehavior [ RunTime:0.000011s ]
INFO: [ app_init ] --END-- [ RunTime:0.000425s ]
INFO: [ app_begin ] --START--
INFO: Run Behavior\ReadHtmlCacheBehavior [ RunTime:0.000769s ]
INFO: [ app_begin ] --END-- [ RunTime:0.000808s ]
SQL: SHOW COLUMNS FROM `y_config` [ RunTime:0.0005s ]
SQL: SELECT `app_name` FROM `y_config` LIMIT 1   [ RunTime:0.0002s ]
NOTIC: [2] call_user_func() expects parameter 1 to be a valid callback, no array or string given D:\database\Project\working\company\yan\ThinkPHP\Library\Think\Upload.class.php ç¬¬ 170 è¡Œ.
INFO: [ app_end ] --START--
INFO: Run Behavior\ShowPageTraceBehavior [ RunTime:0.000845s ]
INFO: [ app_end ] --END-- [ RunTime:0.000888s ]

[ 2017-12-25T17:06:48+08:00 ] 192.168.0.105 /yan/index.php/Admin/use/saveField
INFO: [ app_init ] --START--
INFO: Run Behavior\BuildLiteBehavior [ RunTime:0.000010s ]
INFO: [ app_init ] --END-- [ RunTime:0.000349s ]
INFO: [ app_begin ] --START--
INFO: Run Behavior\ReadHtmlCacheBehavior [ RunTime:0.000742s ]
INFO: [ app_begin ] --END-- [ RunTime:0.000774s ]
SQL: SHOW COLUMNS FROM `y_config` [ RunTime:0.0004s ]
SQL: SELECT `app_name` FROM `y_config` LIMIT 1   [ RunTime:0.0002s ]
SQL: SHOW COLUMNS FROM `y_hosp` [ RunTime:0.0004s ]
SQL: UPDATE `y_hosp` SET `hosp_title`='åŒ»é™¢a',`hosp_head`='/Public/Upload//hosp/img/2017-12-25/5a40bfa834a59.png',`hosp_info`='åŒ»é™¢åŒ»é™¢åŒ»é™¢åŒ»é™¢åŒ»é™¢åŒ»é™¢åŒ»é™¢åŒ»é™¢åŒ»é™¢åŒ»é™¢',`edit_time`='1514192808' WHERE `hosp_id` = '569cd3160ebbe51e859a2eda4347024c' [ RunTime:0.0003s ]
INFO: [ app_end ] --START--
INFO: Run Behavior\ShowPageTraceBehavior [ RunTime:0.000902s ]
INFO: [ app_end ] --END-- [ RunTime:0.000937s ]

[ 2017-12-25T17:06:50+08:00 ] 192.168.0.105 /yan/index.php/Admin/Hosp/edit/hosp_id/b011ee859e8d83dfbc40b9c875a91242
INFO: [ app_init ] --START--
INFO: Run Behavior\BuildLiteBehavior [ RunTime:0.000010s ]
INFO: [ app_init ] --END-- [ RunTime:0.000363s ]
INFO: [ app_begin ] --START--
INFO: Run Behavior\ReadHtmlCacheBehavior [ RunTime:0.000781s ]
INFO: [ app_begin ] --END-- [ RunTime:0.000824s ]
SQL: SHOW COLUMNS FROM `y_config` [ RunTime:0.0005s ]
SQL: SELECT `app_name` FROM `y_config` LIMIT 1   [ RunTime:0.0002s ]
SQL: SHOW COLUMNS FROM `y_hosp` [ RunTime:0.0004s ]
SQL: SELECT * FROM `y_hosp` WHERE `hosp_id` = 'b011ee859e8d83dfbc40b9c875a91242' LIMIT 1   [ RunTime:0.0002s ]
INFO: [ view_parse ] --START--
INFO: [ template_filter ] --START--
INFO: Run Behavior\ContentReplaceBehavior [ RunTime:0.000212s ]
INFO: [ template_filter ] --END-- [ RunTime:0.000253s ]
INFO: Run Behavior\ParseTemplateBehavior [ RunTime:0.007874s ]
INFO: [ view_parse ] --END-- [ RunTime:0.007935s ]
INFO: [ view_filter ] --START--
INFO: Run Behavior\WriteHtmlCacheBehavior [ RunTime:0.001197s ]
INFO: [ view_filter ] --END-- [ RunTime:0.001267s ]
INFO: [ app_end ] --START--
INFO: Run Behavior\ShowPageTraceBehavior [ RunTime:0.001858s ]
INFO: [ app_end ] --END-- [ RunTime:0.001980s ]

[ 2017-12-25T17:07:02+08:00 ] 192.168.0.105 /yan/index.php/Admin/Use/upFile
INFO: [ app_init ] --START--
INFO: Run Behavior\BuildLiteBehavior [ RunTime:0.000010s ]
INFO: [ app_init ] --END-- [ RunTime:0.000339s ]
INFO: [ app_begin ] --START--
INFO: Run Behavior\ReadHtmlCacheBehavior [ RunTime:0.000777s ]
INFO: [ app_begin ] --END-- [ RunTime:0.000816s ]
SQL: SHOW COLUMNS FROM `y_config` [ RunTime:0.0004s ]
SQL: SELECT `app_name` FROM `y_config` LIMIT 1   [ RunTime:0.0002s ]
NOTIC: [2] call_user_func() expects parameter 1 to be a valid callback, no array or string given D:\database\Project\working\company\yan\ThinkPHP\Library\Think\Upload.class.php ç¬¬ 170 è¡Œ.
INFO: [ app_end ] --START--
INFO: Run Behavior\ShowPageTraceBehavior [ RunTime:0.001312s ]
INFO: [ app_end ] --END-- [ RunTime:0.001382s ]

[ 2017-12-25T17:07:02+08:00 ] 192.168.0.105 /yan/index.php/Admin/use/saveField
INFO: [ app_init ] --START--
INFO: Run Behavior\BuildLiteBehavior [ RunTime:0.000009s ]
INFO: [ app_init ] --END-- [ RunTime:0.000326s ]
INFO: [ app_begin ] --START--
INFO: Run Behavior\ReadHtmlCacheBehavior [ RunTime:0.001127s ]
INFO: [ app_begin ] --END-- [ RunTime:0.001171s ]
SQL: SHOW COLUMNS FROM `y_config` [ RunTime:0.0005s ]
SQL: SELECT `app_name` FROM `y_config` LIMIT 1   [ RunTime:0.0002s ]
SQL: SHOW COLUMNS FROM `y_hosp` [ RunTime:0.0004s ]
SQL: UPDATE `y_hosp` SET `hosp_title`='åŒ»é™¢b',`hosp_head`='/Public/Upload//hosp/img/2017-12-25/5a40bfb5f2cf7.jpg',`hosp_info`='sdfsdf',`edit_time`='1514192822' WHERE `hosp_id` = 'b011ee859e8d83dfbc40b9c875a91242' [ RunTime:0.0003s ]
INFO: [ app_end ] --START--
INFO: Run Behavior\ShowPageTraceBehavior [ RunTime:0.000890s ]
INFO: [ app_end ] --END-- [ RunTime:0.000920s ]

[ 2017-12-25T17:49:23+08:00 ] 192.168.0.105 /yan/index.php/Admin/Hosp/showList
INFO: [ app_init ] --START--
INFO: Run Behavior\BuildLiteBehavior [ RunTime:0.000011s ]
INFO: [ app_init ] --END-- [ RunTime:0.000384s ]
INFO: [ app_begin ] --START--
INFO: Run Behavior\ReadHtmlCacheBehavior [ RunTime:0.000504s ]
INFO: [ app_begin ] --END-- [ RunTime:0.000539s ]
SQL: SHOW COLUMNS FROM `y_config` [ RunTime:0.0004s ]
SQL: SELECT `app_name` FROM `y_config` LIMIT 1   [ RunTime:0.0002s ]
INFO: [ view_parse ] --START--
INFO: [ template_filter ] --START--
INFO: Run Behavior\ContentReplaceBehavior [ RunTime:0.000224s ]
INFO: [ template_filter ] --END-- [ RunTime:0.000264s ]
INFO: Run Behavior\ParseTemplateBehavior [ RunTime:0.006413s ]
INFO: [ view_parse ] --END-- [ RunTime:0.006517s ]
INFO: [ view_filter ] --START--
INFO: Run Behavior\WriteHtmlCacheBehavior [ RunTime:0.001214s ]
INFO: [ view_filter ] --END-- [ RunTime:0.001291s ]
INFO: [ app_end ] --START--
INFO: Run Behavior\ShowPageTraceBehavior [ RunTime:0.001368s ]
INFO: [ app_end ] --END-- [ RunTime:0.001448s ]

[ 2017-12-25T17:49:23+08:00 ] 192.168.0.105 /yan/index.php/Admin/Use/getListWhere?page=1&limit=30&table=hosp
INFO: [ app_init ] --START--
INFO: Run Behavior\BuildLiteBehavior [ RunTime:0.000011s ]
INFO: [ app_init ] --END-- [ RunTime:0.000286s ]
INFO: [ app_begin ] --START--
INFO: Run Behavior\ReadHtmlCacheBehavior [ RunTime:0.000485s ]
INFO: [ app_begin ] --END-- [ RunTime:0.000523s ]
SQL: SHOW COLUMNS FROM `y_config` [ RunTime:0.0004s ]
SQL: SELECT `app_name` FROM `y_config` LIMIT 1   [ RunTime:0.0001s ]
SQL: SHOW COLUMNS FROM `y_hosp` [ RunTime:0.0005s ]
NOTIC: [8] Undefined index: where D:\database\Project\working\company\yan\App\Admin\Controller\UseController.class.php ç¬¬ 220 è¡Œ.
NOTIC: [8] Undefined index: order D:\database\Project\working\company\yan\App\Admin\Controller\UseController.class.php ç¬¬ 221 è¡Œ.
SQL: SELECT COUNT(*) AS tp_count FROM `y_hosp` LIMIT 1   [ RunTime:0.0001s ]
SQL: SELECT * FROM `y_hosp` ORDER BY add_time desc LIMIT 0,30   [ RunTime:0.0002s ]
INFO: [ app_end ] --START--
INFO: Run Behavior\ShowPageTraceBehavior [ RunTime:0.000643s ]
INFO: [ app_end ] --END-- [ RunTime:0.000681s ]

[ 2017-12-25T17:49:28+08:00 ] 192.168.0.105 /yan/index.php/Admin
INFO: [ app_init ] --START--
INFO: Run Behavior\BuildLiteBehavior [ RunTime:0.000009s ]
INFO: [ app_init ] --END-- [ RunTime:0.000257s ]
INFO: [ app_begin ] --START--
INFO: Run Behavior\ReadHtmlCacheBehavior [ RunTime:0.000502s ]
INFO: [ app_begin ] --END-- [ RunTime:0.000542s ]
SQL: SHOW COLUMNS FROM `y_config` [ RunTime:0.0005s ]
SQL: SELECT `app_name` FROM `y_config` LIMIT 1   [ RunTime:0.0002s ]
INFO: [ view_parse ] --START--
INFO: [ template_filter ] --START--
INFO: Run Behavior\ContentReplaceBehavior [ RunTime:0.000222s ]
INFO: [ template_filter ] --END-- [ RunTime:0.000262s ]
INFO: Run Behavior\ParseTemplateBehavior [ RunTime:0.006991s ]
INFO: [ view_parse ] --END-- [ RunTime:0.007034s ]
INFO: [ view_filter ] --START--
INFO: Run Behavior\WriteHtmlCacheBehavior [ RunTime:0.000597s ]
INFO: [ view_filter ] --END-- [ RunTime:0.000650s ]
INFO: [ app_end ] --START--
INFO: Run Behavior\ShowPageTraceBehavior [ RunTime:0.000874s ]
INFO: [ app_end ] --END-- [ RunTime:0.000950s ]

[ 2017-12-25T17:49:28+08:00 ] 192.168.0.105 /yan/index.php/Admin/Hosp/showList
INFO: [ app_init ] --START--
INFO: Run Behavior\BuildLiteBehavior [ RunTime:0.000009s ]
INFO: [ app_init ] --END-- [ RunTime:0.000293s ]
INFO: [ app_begin ] --START--
INFO: Run Behavior\ReadHtmlCacheBehavior [ RunTime:0.000498s ]
INFO: [ app_begin ] --END-- [ RunTime:0.000539s ]
SQL: SHOW COLUMNS FROM `y_config` [ RunTime:0.0004s ]
SQL: SELECT `app_name` FROM `y_config` LIMIT 1   [ RunTime:0.0002s ]
INFO: [ view_parse ] --START--
INFO: [ template_filter ] --START--
INFO: Run Behavior\ContentReplaceBehavior [ RunTime:0.000275s ]
INFO: [ template_filter ] --END-- [ RunTime:0.000368s ]
INFO: Run Behavior\ParseTemplateBehavior [ RunTime:0.007454s ]
INFO: [ view_parse ] --END-- [ RunTime:0.007499s ]
INFO: [ view_filter ] --START--
INFO: Run Behavior\WriteHtmlCacheBehavior [ RunTime:0.000397s ]
INFO: [ view_filter ] --END-- [ RunTime:0.000427s ]
INFO: [ app_end ] --START--
INFO: Run Behavior\ShowPageTraceBehavior [ RunTime:0.000874s ]
INFO: [ app_end ] --END-- [ RunTime:0.000930s ]

[ 2017-12-25T17:49:28+08:00 ] 192.168.0.105 /yan/index.php/Admin/Use/getListWhere?page=1&limit=30&table=hosp
INFO: [ app_init ] --START--
INFO: Run Behavior\BuildLiteBehavior [ RunTime:0.000010s ]
INFO: [ app_init ] --END-- [ RunTime:0.000276s ]
INFO: [ app_begin ] --START--
INFO: Run Behavior\ReadHtmlCacheBehavior [ RunTime:0.000488s ]
INFO: [ app_begin ] --END-- [ RunTime:0.000531s ]
SQL: SHOW COLUMNS FROM `y_config` [ RunTime:0.0004s ]
SQL: SELECT `app_name` FROM `y_config` LIMIT 1   [ RunTime:0.0002s ]
SQL: SHOW COLUMNS FROM `y_hosp` [ RunTime:0.0009s ]
NOTIC: [8] Undefined index: where D:\database\Project\working\company\yan\App\Admin\Controller\UseController.class.php ç¬¬ 220 è¡Œ.
NOTIC: [8] Undefined index: order D:\database\Project\working\company\yan\App\Admin\Controller\UseController.class.php ç¬¬ 221 è¡Œ.
SQL: SELECT COUNT(*) AS tp_count FROM `y_hosp` LIMIT 1   [ RunTime:0.0002s ]
SQL: SELECT * FROM `y_hosp` ORDER BY add_time desc LIMIT 0,30   [ RunTime:0.0002s ]
INFO: [ app_end ] --START--
INFO: Run Behavior\ShowPageTraceBehavior [ RunTime:0.000693s ]
INFO: [ app_end ] --END-- [ RunTime:0.000725s ]

[ 2017-12-25T17:49:29+08:00 ] 192.168.0.105 /yan/index.php/Admin/Project/showList/type/project_learning/type_title/%E9%A1%B9%E7%9B%AE%E5%AD%A6%E4%B9%A0
INFO: [ app_init ] --START--
INFO: Run Behavior\BuildLiteBehavior [ RunTime:0.000009s ]
INFO: [ app_init ] --END-- [ RunTime:0.000257s ]
INFO: [ app_begin ] --START--
INFO: Run Behavior\ReadHtmlCacheBehavior [ RunTime:0.000490s ]
INFO: [ app_begin ] --END-- [ RunTime:0.000522s ]
SQL: SHOW COLUMNS FROM `y_config` [ RunTime:0.0005s ]
SQL: SELECT `app_name` FROM `y_config` LIMIT 1   [ RunTime:0.0002s ]
SQL: SHOW TABLES LIKE 'y_project_learning' [ RunTime:0.0005s ]
INFO: [ view_parse ] --START--
INFO: [ template_filter ] --START--
INFO: Run Behavior\ContentReplaceBehavior [ RunTime:0.000215s ]
INFO: [ template_filter ] --END-- [ RunTime:0.000253s ]
INFO: Run Behavior\ParseTemplateBehavior [ RunTime:0.051114s ]
INFO: [ view_parse ] --END-- [ RunTime:0.051155s ]
INFO: [ view_filter ] --START--
INFO: Run Behavior\WriteHtmlCacheBehavior [ RunTime:0.000538s ]
INFO: [ view_filter ] --END-- [ RunTime:0.000577s ]
INFO: [ app_end ] --START--
INFO: Run Behavior\ShowPageTraceBehavior [ RunTime:0.001051s ]
INFO: [ app_end ] --END-- [ RunTime:0.001152s ]

[ 2017-12-25T17:49:29+08:00 ] 192.168.0.105 /yan/index.php/Admin/Use/getListWhere?page=1&limit=30&table=project&where%5Bsuper_id%5D=project_learning
INFO: [ app_init ] --START--
INFO: Run Behavior\BuildLiteBehavior [ RunTime:0.000017s ]
INFO: [ app_init ] --END-- [ RunTime:0.000524s ]
INFO: [ app_begin ] --START--
INFO: Run Behavior\ReadHtmlCacheBehavior [ RunTime:0.000853s ]
INFO: [ app_begin ] --END-- [ RunTime:0.000932s ]
SQL: SHOW COLUMNS FROM `y_config` [ RunTime:0.0005s ]
SQL: SELECT `app_name` FROM `y_config` LIMIT 1   [ RunTime:0.0003s ]
SQL: SHOW COLUMNS FROM `y_project` [ RunTime:0.0012s ]
NOTIC: [8] Undefined index: order D:\database\Project\working\company\yan\App\Admin\Controller\UseController.class.php ç¬¬ 221 è¡Œ.
SQL: SELECT COUNT(*) AS tp_count FROM `y_project` LIMIT 1   [ RunTime:0.0006s ]
SQL: SELECT * FROM `y_project` WHERE `super_id` = 'project_learning' ORDER BY add_time desc LIMIT 0,30   [ RunTime:0.0003s ]
INFO: [ app_end ] --START--
INFO: Run Behavior\ShowPageTraceBehavior [ RunTime:0.000648s ]
INFO: [ app_end ] --END-- [ RunTime:0.000690s ]

[ 2017-12-25T17:49:30+08:00 ] 192.168.0.105 /yan/index.php/Admin/Project/showList/type/healthy/type_title/%E5%A4%A7%E5%81%A5%E5%BA%B7
INFO: [ app_init ] --START--
INFO: Run Behavior\BuildLiteBehavior [ RunTime:0.000009s ]
INFO: [ app_init ] --END-- [ RunTime:0.000274s ]
INFO: [ app_begin ] --START--
INFO: Run Behavior\ReadHtmlCacheBehavior [ RunTime:0.000474s ]
INFO: [ app_begin ] --END-- [ RunTime:0.000508s ]
SQL: SHOW COLUMNS FROM `y_config` [ RunTime:0.0004s ]
SQL: SELECT `app_name` FROM `y_config` LIMIT 1   [ RunTime:0.0002s ]
SQL: SHOW TABLES LIKE 'y_healthy' [ RunTime:0.0003s ]
INFO: [ view_parse ] --START--
INFO: [ template_filter ] --START--
INFO: Run Behavior\ContentReplaceBehavior [ RunTime:0.000242s ]
INFO: [ template_filter ] --END-- [ RunTime:0.000278s ]
INFO: Run Behavior\ParseTemplateBehavior [ RunTime:0.005904s ]
INFO: [ view_parse ] --END-- [ RunTime:0.005945s ]
INFO: [ view_filter ] --START--
INFO: Run Behavior\WriteHtmlCacheBehavior [ RunTime:0.000552s ]
INFO: [ view_filter ] --END-- [ RunTime:0.000594s ]
INFO: [ app_end ] --START--
INFO: Run Behavior\ShowPageTraceBehavior [ RunTime:0.000768s ]
INFO: [ app_end ] --END-- [ RunTime:0.000821s ]

[ 2017-12-25T17:49:30+08:00 ] 192.168.0.105 /yan/index.php/Admin/Use/getListWhere?page=1&limit=30&table=project&where%5Bsuper_id%5D=healthy
INFO: [ app_init ] --START--
INFO: Run Behavior\BuildLiteBehavior [ RunTime:0.000018s ]
INFO: [ app_init ] --END-- [ RunTime:0.000507s ]
INFO: [ app_begin ] --START--
INFO: Run Behavior\ReadHtmlCacheBehavior [ RunTime:0.000627s ]
INFO: [ app_begin ] --END-- [ RunTime:0.000698s ]
SQL: SHOW COLUMNS FROM `y_config` [ RunTime:0.0005s ]
SQL: SELECT `app_name` FROM `y_config` LIMIT 1   [ RunTime:0.0002s ]
SQL: SHOW COLUMNS FROM `y_project` [ RunTime:0.0005s ]
NOTIC: [8] Undefined index: order D:\database\Project\working\company\yan\App\Admin\Controller\UseController.class.php ç¬¬ 221 è¡Œ.
SQL: SELECT COUNT(*) AS tp_count FROM `y_project` LIMIT 1   [ RunTime:0.0002s ]
SQL: SELECT * FROM `y_project` WHERE `super_id` = 'healthy' ORDER BY add_time desc LIMIT 0,30   [ RunTime:0.0003s ]
INFO: [ app_end ] --START--
INFO: Run Behavior\ShowPageTraceBehavior [ RunTime:0.000625s ]
INFO: [ app_end ] --END-- [ RunTime:0.000656s ]

[ 2017-12-25T17:49:32+08:00 ] 192.168.0.105 /yan/index.php/Admin/Project/edit/project_id/dc0af0a717d994c0658ff9669c4f161b
INFO: [ app_init ] --START--
INFO: Run Behavior\BuildLiteBehavior [ RunTime:0.000015s ]
INFO: [ app_init ] --END-- [ RunTime:0.000402s ]
INFO: [ app_begin ] --START--
INFO: Run Behavior\ReadHtmlCacheBehavior [ RunTime:0.000556s ]
INFO: [ app_begin ] --END-- [ RunTime:0.000608s ]
SQL: SHOW COLUMNS FROM `y_config` [ RunTime:0.0004s ]
SQL: SELECT `app_name` FROM `y_config` LIMIT 1   [ RunTime:0.0002s ]
SQL: SHOW COLUMNS FROM `y_project` [ RunTime:0.0004s ]
SQL: SELECT * FROM `y_project` WHERE `project_id` = 'dc0af0a717d994c0658ff9669c4f161b' LIMIT 1   [ RunTime:0.0007s ]
INFO: [ view_parse ] --START--
INFO: [ template_filter ] --START--
INFO: Run Behavior\ContentReplaceBehavior [ RunTime:0.000212s ]
INFO: [ template_filter ] --END-- [ RunTime:0.000249s ]
INFO: Run Behavior\ParseTemplateBehavior [ RunTime:0.062783s ]
INFO: [ view_parse ] --END-- [ RunTime:0.062835s ]
INFO: [ view_filter ] --START--
INFO: Run Behavior\WriteHtmlCacheBehavior [ RunTime:0.000399s ]
INFO: [ view_filter ] --END-- [ RunTime:0.000429s ]
INFO: [ app_end ] --START--
INFO: Run Behavior\ShowPageTraceBehavior [ RunTime:0.000758s ]
INFO: [ app_end ] --END-- [ RunTime:0.000802s ]

[ 2017-12-25T17:49:36+08:00 ] 192.168.0.105 /yan/index.php/Admin/Use/upFile
INFO: [ app_init ] --START--
INFO: Run Behavior\BuildLiteBehavior [ RunTime:0.000021s ]
INFO: [ app_init ] --END-- [ RunTime:0.000313s ]
INFO: [ app_begin ] --START--
INFO: Run Behavior\ReadHtmlCacheBehavior [ RunTime:0.000916s ]
INFO: [ app_begin ] --END-- [ RunTime:0.000977s ]
SQL: SHOW COLUMNS FROM `y_config` [ RunTime:0.0004s ]
SQL: SELECT `app_name` FROM `y_config` LIMIT 1   [ RunTime:0.0002s ]
NOTIC: [2] call_user_func() expects parameter 1 to be a valid callback, no array or string given D:\database\Project\working\company\yan\ThinkPHP\Library\Think\Upload.class.php ç¬¬ 170 è¡Œ.
INFO: [ app_end ] --START--
INFO: Run Behavior\ShowPageTraceBehavior [ RunTime:0.001146s ]
INFO: [ app_end ] --END-- [ RunTime:0.001196s ]

[ 2017-12-25T17:49:37+08:00 ] 192.168.0.105 /yan/index.php/Admin/use/saveField
INFO: [ app_init ] --START--
INFO: Run Behavior\BuildLiteBehavior [ RunTime:0.000009s ]
INFO: [ app_init ] --END-- [ RunTime:0.000359s ]
INFO: [ app_begin ] --START--
INFO: Run Behavior\ReadHtmlCacheBehavior [ RunTime:0.000661s ]
INFO: [ app_begin ] --END-- [ RunTime:0.000692s ]
SQL: SHOW COLUMNS FROM `y_config` [ RunTime:0.0005s ]
SQL: SELECT `app_name` FROM `y_config` LIMIT 1   [ RunTime:0.0002s ]
SQL: SHOW COLUMNS FROM `y_project` [ RunTime:0.0006s ]
SQL: UPDATE `y_project` SET `super_id`='healthy',`type`='healthy',`project_title`='åŒ–å¦†',`project_head`='/Public/Upload//project/img/2017-12-25/5a40c9b0af337.jpg',`project_info`='asdasdasdads',`edit_time`='1514195377' WHERE `project_id` = 'dc0af0a717d994c0658ff9669c4f161b' [ RunTime:0.0003s ]
INFO: [ app_end ] --START--
INFO: Run Behavior\ShowPageTraceBehavior [ RunTime:0.000869s ]
INFO: [ app_end ] --END-- [ RunTime:0.000906s ]

[ 2017-12-25T17:49:40+08:00 ] 192.168.0.105 /yan/index.php/Admin/Project/edit/project_id/40b7e3d1971cb4f2c17f5ebb8f0f3d6b
INFO: [ app_init ] --START--
INFO: Run Behavior\BuildLiteBehavior [ RunTime:0.000010s ]
INFO: [ app_init ] --END-- [ RunTime:0.000294s ]
INFO: [ app_begin ] --START--
INFO: Run Behavior\ReadHtmlCacheBehavior [ RunTime:0.000655s ]
INFO: [ app_begin ] --END-- [ RunTime:0.000698s ]
SQL: SHOW COLUMNS FROM `y_config` [ RunTime:0.0006s ]
SQL: SELECT `app_name` FROM `y_config` LIMIT 1   [ RunTime:0.0002s ]
SQL: SHOW COLUMNS FROM `y_project` [ RunTime:0.0006s ]
SQL: SELECT * FROM `y_project` WHERE `project_id` = '40b7e3d1971cb4f2c17f5ebb8f0f3d6b' LIMIT 1   [ RunTime:0.0003s ]
INFO: [ view_parse ] --START--
INFO: [ template_filter ] --START--
INFO: Run Behavior\ContentReplaceBehavior [ RunTime:0.000232s ]
INFO: [ template_filter ] --END-- [ RunTime:0.000313s ]
INFO: Run Behavior\ParseTemplateBehavior [ RunTime:0.007239s ]
INFO: [ view_parse ] --END-- [ RunTime:0.007296s ]
INFO: [ view_filter ] --START--
INFO: Run Behavior\WriteHtmlCacheBehavior [ RunTime:0.000492s ]
INFO: [ view_filter ] --END-- [ RunTime:0.000533s ]
INFO: [ app_end ] --START--
INFO: Run Behavior\ShowPageTraceBehavior [ RunTime:0.000911s ]
INFO: [ app_end ] --END-- [ RunTime:0.000970s ]

[ 2017-12-25T17:49:44+08:00 ] 192.168.0.105 /yan/index.php/Admin/Use/upFile
INFO: [ app_init ] --START--
INFO: Run Behavior\BuildLiteBehavior [ RunTime:0.000010s ]
INFO: [ app_init ] --END-- [ RunTime:0.000291s ]
INFO: [ app_begin ] --START--
INFO: Run Behavior\ReadHtmlCacheBehavior [ RunTime:0.000581s ]
INFO: [ app_begin ] --END-- [ RunTime:0.000619s ]
SQL: SHOW COLUMNS FROM `y_config` [ RunTime:0.0004s ]
SQL: SELECT `app_name` FROM `y_config` LIMIT 1   [ RunTime:0.0001s ]
NOTIC: [2] call_user_func() expects parameter 1 to be a valid callback, no array or string given D:\database\Project\working\company\yan\ThinkPHP\Library\Think\Upload.class.php ç¬¬ 170 è¡Œ.
INFO: [ app_end ] --START--
INFO: Run Behavior\ShowPageTraceBehavior [ RunTime:0.000723s ]
INFO: [ app_end ] --END-- [ RunTime:0.000838s ]

[ 2017-12-25T17:49:45+08:00 ] 192.168.0.105 /yan/index.php/Admin/use/saveField
INFO: [ app_init ] --START--
INFO: Run Behavior\BuildLiteBehavior [ RunTime:0.000010s ]
INFO: [ app_init ] --END-- [ RunTime:0.000268s ]
INFO: [ app_begin ] --START--
INFO: Run Behavior\ReadHtmlCacheBehavior [ RunTime:0.000497s ]
INFO: [ app_begin ] --END-- [ RunTime:0.000527s ]
SQL: SHOW COLUMNS FROM `y_config` [ RunTime:0.0005s ]
SQL: SELECT `app_name` FROM `y_config` LIMIT 1   [ RunTime:0.0002s ]
SQL: SHOW COLUMNS FROM `y_project` [ RunTime:0.0005s ]
SQL: UPDATE `y_project` SET `super_id`='healthy',`type`='healthy',`project_title`='ç¾Žå®¹',`project_head`='/Public/Upload//project/img/2017-12-25/5a40c9b881181.gif',`project_info`='asdasd',`edit_time`='1514195385' WHERE `project_id` = '40b7e3d1971cb4f2c17f5ebb8f0f3d6b' [ RunTime:0.0003s ]
INFO: [ app_end ] --START--
INFO: Run Behavior\ShowPageTraceBehavior [ RunTime:0.000632s ]
INFO: [ app_end ] --END-- [ RunTime:0.000663s ]

[ 2017-12-25T17:49:47+08:00 ] 192.168.0.105 /yan/index.php/Admin
INFO: [ app_init ] --START--
INFO: Run Behavior\BuildLiteBehavior [ RunTime:0.000009s ]
INFO: [ app_init ] --END-- [ RunTime:0.000275s ]
INFO: [ app_begin ] --START--
INFO: Run Behavior\ReadHtmlCacheBehavior [ RunTime:0.000513s ]
INFO: [ app_begin ] --END-- [ RunTime:0.000545s ]
SQL: SHOW COLUMNS FROM `y_config` [ RunTime:0.0005s ]
SQL: SELECT `app_name` FROM `y_config` LIMIT 1   [ RunTime:0.0002s ]
INFO: [ view_parse ] --START--
INFO: [ template_filter ] --START--
INFO: Run Behavior\ContentReplaceBehavior [ RunTime:0.000377s ]
INFO: [ template_filter ] --END-- [ RunTime:0.000479s ]
INFO: Run Behavior\ParseTemplateBehavior [ RunTime:0.008951s ]
INFO: [ view_parse ] --END-- [ RunTime:0.009018s ]
INFO: [ view_filter ] --START--
INFO: Run Behavior\WriteHtmlCacheBehavior [ RunTime:0.000670s ]
INFO: [ view_filter ] --END-- [ RunTime:0.000716s ]
INFO: [ app_end ] --START--
INFO: Run Behavior\ShowPageTraceBehavior [ RunTime:0.000865s ]
INFO: [ app_end ] --END-- [ RunTime:0.000923s ]

[ 2017-12-25T17:49:47+08:00 ] 192.168.0.105 /yan/index.php/Admin/Project/showList/type/healthy/type_title/%E5%A4%A7%E5%81%A5%E5%BA%B7
INFO: [ app_init ] --START--
INFO: Run Behavior\BuildLiteBehavior [ RunTime:0.000010s ]
INFO: [ app_init ] --END-- [ RunTime:0.000285s ]
INFO: [ app_begin ] --START--
INFO: Run Behavior\ReadHtmlCacheBehavior [ RunTime:0.000566s ]
INFO: [ app_begin ] --END-- [ RunTime:0.000618s ]
SQL: SHOW COLUMNS FROM `y_config` [ RunTime:0.0009s ]
SQL: SELECT `app_name` FROM `y_config` LIMIT 1   [ RunTime:0.0002s ]
SQL: SHOW TABLES LIKE 'y_healthy' [ RunTime:0.0003s ]
INFO: [ view_parse ] --START--
INFO: [ template_filter ] --START--
INFO: Run Behavior\ContentReplaceBehavior [ RunTime:0.000223s ]
INFO: [ template_filter ] --END-- [ RunTime:0.000267s ]
INFO: Run Behavior\ParseTemplateBehavior [ RunTime:0.008351s ]
INFO: [ view_parse ] --END-- [ RunTime:0.008394s ]
INFO: [ view_filter ] --START--
INFO: Run Behavior\WriteHtmlCacheBehavior [ RunTime:0.000606s ]
INFO: [ view_filter ] --END-- [ RunTime:0.000654s ]
INFO: [ app_end ] --START--
INFO: Run Behavior\ShowPageTraceBehavior [ RunTime:0.000989s ]
INFO: [ app_end ] --END-- [ RunTime:0.001061s ]

[ 2017-12-25T17:49:47+08:00 ] 192.168.0.105 /yan/index.php/Admin/Use/getListWhere?page=1&limit=30&table=project&where%5Bsuper_id%5D=healthy
INFO: [ app_init ] --START--
INFO: Run Behavior\BuildLiteBehavior [ RunTime:0.000014s ]
INFO: [ app_init ] --END-- [ RunTime:0.000350s ]
INFO: [ app_begin ] --START--
INFO: Run Behavior\ReadHtmlCacheBehavior [ RunTime:0.000531s ]
INFO: [ app_begin ] --END-- [ RunTime:0.000567s ]
SQL: SHOW COLUMNS FROM `y_config` [ RunTime:0.0004s ]
SQL: SELECT `app_name` FROM `y_config` LIMIT 1   [ RunTime:0.0002s ]
SQL: SHOW COLUMNS FROM `y_project` [ RunTime:0.0004s ]
NOTIC: [8] Undefined index: order D:\database\Project\working\company\yan\App\Admin\Controller\UseController.class.php ç¬¬ 221 è¡Œ.
SQL: SELECT COUNT(*) AS tp_count FROM `y_project` LIMIT 1   [ RunTime:0.0001s ]
SQL: SELECT * FROM `y_project` WHERE `super_id` = 'healthy' ORDER BY add_time desc LIMIT 0,30   [ RunTime:0.0002s ]
INFO: [ app_end ] --START--
INFO: Run Behavior\ShowPageTraceBehavior [ RunTime:0.000655s ]
INFO: [ app_end ] --END-- [ RunTime:0.000688s ]

[ 2017-12-25T17:49:53+08:00 ] 192.168.0.105 /yan/index.php/Admin/Hosp/showList
INFO: [ app_init ] --START--
INFO: Run Behavior\BuildLiteBehavior [ RunTime:0.000010s ]
INFO: [ app_init ] --END-- [ RunTime:0.000250s ]
INFO: [ app_begin ] --START--
INFO: Run Behavior\ReadHtmlCacheBehavior [ RunTime:0.000402s ]
INFO: [ app_begin ] --END-- [ RunTime:0.000437s ]
SQL: SHOW COLUMNS FROM `y_config` [ RunTime:0.0005s ]
SQL: SELECT `app_name` FROM `y_config` LIMIT 1   [ RunTime:0.0004s ]
INFO: [ view_parse ] --START--
INFO: [ template_filter ] --START--
INFO: Run Behavior\ContentReplaceBehavior [ RunTime:0.000218s ]
INFO: [ template_filter ] --END-- [ RunTime:0.000258s ]
INFO: Run Behavior\ParseTemplateBehavior [ RunTime:0.006150s ]
INFO: [ view_parse ] --END-- [ RunTime:0.006192s ]
INFO: [ view_filter ] --START--
INFO: Run Behavior\WriteHtmlCacheBehavior [ RunTime:0.000315s ]
INFO: [ view_filter ] --END-- [ RunTime:0.000347s ]
INFO: [ app_end ] --START--
INFO: Run Behavior\ShowPageTraceBehavior [ RunTime:0.000717s ]
INFO: [ app_end ] --END-- [ RunTime:0.000774s ]

[ 2017-12-25T17:49:53+08:00 ] 192.168.0.105 /yan/index.php/Admin/Use/getListWhere?page=1&limit=30&table=hosp
INFO: [ app_init ] --START--
INFO: Run Behavior\BuildLiteBehavior [ RunTime:0.000010s ]
INFO: [ app_init ] --END-- [ RunTime:0.000241s ]
INFO: [ app_begin ] --START--
INFO: Run Behavior\ReadHtmlCacheBehavior [ RunTime:0.000382s ]
INFO: [ app_begin ] --END-- [ RunTime:0.000419s ]
SQL: SHOW COLUMNS FROM `y_config` [ RunTime:0.0004s ]
SQL: SELECT `app_name` FROM `y_config` LIMIT 1   [ RunTime:0.0002s ]
SQL: SHOW COLUMNS FROM `y_hosp` [ RunTime:0.0009s ]
NOTIC: [8] Undefined index: where D:\database\Project\working\company\yan\App\Admin\Controller\UseController.class.php ç¬¬ 220 è¡Œ.
NOTIC: [8] Undefined index: order D:\database\Project\working\company\yan\App\Admin\Controller\UseController.class.php ç¬¬ 221 è¡Œ.
SQL: SELECT COUNT(*) AS tp_count FROM `y_hosp` LIMIT 1   [ RunTime:0.0002s ]
SQL: SELECT * FROM `y_hosp` ORDER BY add_time desc LIMIT 0,30   [ RunTime:0.0002s ]
INFO: [ app_end ] --START--
INFO: Run Behavior\ShowPageTraceBehavior [ RunTime:0.000553s ]
INFO: [ app_end ] --END-- [ RunTime:0.000584s ]

[ 2017-12-25T17:50:00+08:00 ] 192.168.0.105 /yan/index.php/Admin
INFO: [ app_init ] --START--
INFO: Run Behavior\BuildLiteBehavior [ RunTime:0.000010s ]
INFO: [ app_init ] --END-- [ RunTime:0.000261s ]
INFO: [ app_begin ] --START--
INFO: Run Behavior\ReadHtmlCacheBehavior [ RunTime:0.000539s ]
INFO: [ app_begin ] --END-- [ RunTime:0.000571s ]
SQL: SHOW COLUMNS FROM `y_config` [ RunTime:0.0004s ]
SQL: SELECT `app_name` FROM `y_config` LIMIT 1   [ RunTime:0.0002s ]
INFO: [ view_parse ] --START--
INFO: [ template_filter ] --START--
INFO: Run Behavior\ContentReplaceBehavior [ RunTime:0.000248s ]
INFO: [ template_filter ] --END-- [ RunTime:0.000340s ]
INFO: Run Behavior\ParseTemplateBehavior [ RunTime:0.008029s ]
INFO: [ view_parse ] --END-- [ RunTime:0.008076s ]
INFO: [ view_filter ] --START--
INFO: Run Behavior\WriteHtmlCacheBehavior [ RunTime:0.000453s ]
INFO: [ view_filter ] --END-- [ RunTime:0.000497s ]
INFO: [ app_end ] --START--
INFO: Run Behavior\ShowPageTraceBehavior [ RunTime:0.000659s ]
INFO: [ app_end ] --END-- [ RunTime:0.000701s ]

[ 2017-12-25T17:50:00+08:00 ] 192.168.0.105 /yan/index.php/Admin/Hosp/showList
INFO: [ app_init ] --START--
INFO: Run Behavior\BuildLiteBehavior [ RunTime:0.000010s ]
INFO: [ app_init ] --END-- [ RunTime:0.000287s ]
INFO: [ app_begin ] --START--
INFO: Run Behavior\ReadHtmlCacheBehavior [ RunTime:0.000485s ]
INFO: [ app_begin ] --END-- [ RunTime:0.000518s ]
SQL: SHOW COLUMNS FROM `y_config` [ RunTime:0.0005s ]
SQL: SELECT `app_name` FROM `y_config` LIMIT 1   [ RunTime:0.0002s ]
INFO: [ view_parse ] --START--
INFO: [ template_filter ] --START--
INFO: Run Behavior\ContentReplaceBehavior [ RunTime:0.000224s ]
INFO: [ template_filter ] --END-- [ RunTime:0.000265s ]
INFO: Run Behavior\ParseTemplateBehavior [ RunTime:0.006793s ]
INFO: [ view_parse ] --END-- [ RunTime:0.006852s ]
INFO: [ view_filter ] --START--
INFO: Run Behavior\WriteHtmlCacheBehavior [ RunTime:0.000344s ]
INFO: [ view_filter ] --END-- [ RunTime:0.000370s ]
INFO: [ app_end ] --START--
INFO: Run Behavior\ShowPageTraceBehavior [ RunTime:0.000567s ]
INFO: [ app_end ] --END-- [ RunTime:0.000606s ]

[ 2017-12-25T17:50:00+08:00 ] 192.168.0.105 /yan/index.php/Admin/Use/getListWhere?page=1&limit=30&table=hosp
INFO: [ app_init ] --START--
INFO: Run Behavior\BuildLiteBehavior [ RunTime:0.000021s ]
INFO: [ app_init ] --END-- [ RunTime:0.000543s ]
INFO: [ app_begin ] --START--
INFO: Run Behavior\ReadHtmlCacheBehavior [ RunTime:0.000746s ]
INFO: [ app_begin ] --END-- [ RunTime:0.000814s ]
SQL: SHOW COLUMNS FROM `y_config` [ RunTime:0.0005s ]
SQL: SELECT `app_name` FROM `y_config` LIMIT 1   [ RunTime:0.0008s ]
SQL: SHOW COLUMNS FROM `y_hosp` [ RunTime:0.0006s ]
NOTIC: [8] Undefined index: where D:\database\Project\working\company\yan\App\Admin\Controller\UseController.class.php ç¬¬ 220 è¡Œ.
NOTIC: [8] Undefined index: order D:\database\Project\working\company\yan\App\Admin\Controller\UseController.class.php ç¬¬ 221 è¡Œ.
SQL: SELECT COUNT(*) AS tp_count FROM `y_hosp` LIMIT 1   [ RunTime:0.0002s ]
SQL: SELECT * FROM `y_hosp` ORDER BY add_time desc LIMIT 0,30   [ RunTime:0.0002s ]
INFO: [ app_end ] --START--
INFO: Run Behavior\ShowPageTraceBehavior [ RunTime:0.000664s ]
INFO: [ app_end ] --END-- [ RunTime:0.000702s ]

[ 2017-12-25T17:50:21+08:00 ] 192.168.0.105 /yan/index.php/Admin/Project/showList/type/healthy/type_title/%E5%A4%A7%E5%81%A5%E5%BA%B7
INFO: [ app_init ] --START--
INFO: Run Behavior\BuildLiteBehavior [ RunTime:0.000009s ]
INFO: [ app_init ] --END-- [ RunTime:0.000309s ]
INFO: [ app_begin ] --START--
INFO: Run Behavior\ReadHtmlCacheBehavior [ RunTime:0.000454s ]
INFO: [ app_begin ] --END-- [ RunTime:0.000488s ]
SQL: SHOW COLUMNS FROM `y_config` [ RunTime:0.0005s ]
SQL: SELECT `app_name` FROM `y_config` LIMIT 1   [ RunTime:0.0002s ]
SQL: SHOW TABLES LIKE 'y_healthy' [ RunTime:0.0003s ]
INFO: [ view_parse ] --START--
INFO: [ template_filter ] --START--
INFO: Run Behavior\ContentReplaceBehavior [ RunTime:0.000218s ]
INFO: [ template_filter ] --END-- [ RunTime:0.000256s ]
INFO: Run Behavior\ParseTemplateBehavior [ RunTime:0.006193s ]
INFO: [ view_parse ] --END-- [ RunTime:0.006237s ]
INFO: [ view_filter ] --START--
INFO: Run Behavior\WriteHtmlCacheBehavior [ RunTime:0.000505s ]
INFO: [ view_filter ] --END-- [ RunTime:0.000542s ]
INFO: [ app_end ] --START--
INFO: Run Behavior\ShowPageTraceBehavior [ RunTime:0.000748s ]
INFO: [ app_end ] --END-- [ RunTime:0.000804s ]

[ 2017-12-25T17:50:21+08:00 ] 192.168.0.105 /yan/index.php/Admin/Use/getListWhere?page=1&limit=30&table=project&where%5Bsuper_id%5D=healthy
INFO: [ app_init ] --START--
INFO: Run Behavior\BuildLiteBehavior [ RunTime:0.000011s ]
INFO: [ app_init ] --END-- [ RunTime:0.000282s ]
INFO: [ app_begin ] --START--
INFO: Run Behavior\ReadHtmlCacheBehavior [ RunTime:0.000395s ]
INFO: [ app_begin ] --END-- [ RunTime:0.000437s ]
SQL: SHOW COLUMNS FROM `y_config` [ RunTime:0.0004s ]
SQL: SELECT `app_name` FROM `y_config` LIMIT 1   [ RunTime:0.0001s ]
SQL: SHOW COLUMNS FROM `y_project` [ RunTime:0.0003s ]
NOTIC: [8] Undefined index: order D:\database\Project\working\company\yan\App\Admin\Controller\UseController.class.php ç¬¬ 221 è¡Œ.
SQL: SELECT COUNT(*) AS tp_count FROM `y_project` LIMIT 1   [ RunTime:0.0001s ]
SQL: SELECT * FROM `y_project` WHERE `super_id` = 'healthy' ORDER BY add_time desc LIMIT 0,30   [ RunTime:0.0002s ]
INFO: [ app_end ] --START--
INFO: Run Behavior\ShowPageTraceBehavior [ RunTime:0.000571s ]
INFO: [ app_end ] --END-- [ RunTime:0.000611s ]

[ 2017-12-25T17:50:24+08:00 ] 192.168.0.105 /yan/index.php/Admin/Project/edit/project_id/dc0af0a717d994c0658ff9669c4f161b
INFO: [ app_init ] --START--
INFO: Run Behavior\BuildLiteBehavior [ RunTime:0.000012s ]
INFO: [ app_init ] --END-- [ RunTime:0.000367s ]
INFO: [ app_begin ] --START--
INFO: Run Behavior\ReadHtmlCacheBehavior [ RunTime:0.000545s ]
INFO: [ app_begin ] --END-- [ RunTime:0.000608s ]
SQL: SHOW COLUMNS FROM `y_config` [ RunTime:0.0006s ]
SQL: SELECT `app_name` FROM `y_config` LIMIT 1   [ RunTime:0.0003s ]
SQL: SHOW COLUMNS FROM `y_project` [ RunTime:0.0006s ]
SQL: SELECT * FROM `y_project` WHERE `project_id` = 'dc0af0a717d994c0658ff9669c4f161b' LIMIT 1   [ RunTime:0.0002s ]
INFO: [ view_parse ] --START--
INFO: [ template_filter ] --START--
INFO: Run Behavior\ContentReplaceBehavior [ RunTime:0.000217s ]
INFO: [ template_filter ] --END-- [ RunTime:0.000258s ]
INFO: Run Behavior\ParseTemplateBehavior [ RunTime:0.006342s ]
INFO: [ view_parse ] --END-- [ RunTime:0.006396s ]
INFO: [ view_filter ] --START--
INFO: Run Behavior\WriteHtmlCacheBehavior [ RunTime:0.000500s ]
INFO: [ view_filter ] --END-- [ RunTime:0.000548s ]
INFO: [ app_end ] --START--
INFO: Run Behavior\ShowPageTraceBehavior [ RunTime:0.001458s ]
INFO: [ app_end ] --END-- [ RunTime:0.001589s ]

[ 2017-12-25T17:50:28+08:00 ] 192.168.0.105 /yan/index.php/Admin/Hosp/showList
INFO: [ app_init ] --START--
INFO: Run Behavior\BuildLiteBehavior [ RunTime:0.000010s ]
INFO: [ app_init ] --END-- [ RunTime:0.000234s ]
INFO: [ app_begin ] --START--
INFO: Run Behavior\ReadHtmlCacheBehavior [ RunTime:0.000347s ]
INFO: [ app_begin ] --END-- [ RunTime:0.000381s ]
SQL: SHOW COLUMNS FROM `y_config` [ RunTime:0.0005s ]
SQL: SELECT `app_name` FROM `y_config` LIMIT 1   [ RunTime:0.0002s ]
INFO: [ view_parse ] --START--
INFO: [ template_filter ] --START--
INFO: Run Behavior\ContentReplaceBehavior [ RunTime:0.000384s ]
INFO: [ template_filter ] --END-- [ RunTime:0.000465s ]
INFO: Run Behavior\ParseTemplateBehavior [ RunTime:0.006239s ]
INFO: [ view_parse ] --END-- [ RunTime:0.006291s ]
INFO: [ view_filter ] --START--
INFO: Run Behavior\WriteHtmlCacheBehavior [ RunTime:0.000309s ]
INFO: [ view_filter ] --END-- [ RunTime:0.000339s ]
INFO: [ app_end ] --START--
INFO: Run Behavior\ShowPageTraceBehavior [ RunTime:0.000549s ]
INFO: [ app_end ] --END-- [ RunTime:0.000606s ]

[ 2017-12-25T17:50:28+08:00 ] 192.168.0.105 /yan/index.php/Admin/Use/getListWhere?page=1&limit=30&table=hosp
INFO: [ app_init ] --START--
INFO: Run Behavior\BuildLiteBehavior [ RunTime:0.000017s ]
INFO: [ app_init ] --END-- [ RunTime:0.000374s ]
INFO: [ app_begin ] --START--
INFO: Run Behavior\ReadHtmlCacheBehavior [ RunTime:0.000591s ]
INFO: [ app_begin ] --END-- [ RunTime:0.000660s ]
SQL: SHOW COLUMNS FROM `y_config` [ RunTime:0.0005s ]
SQL: SELECT `app_name` FROM `y_config` LIMIT 1   [ RunTime:0.0001s ]
SQL: SHOW COLUMNS FROM `y_hosp` [ RunTime:0.0003s ]
NOTIC: [8] Undefined index: where D:\database\Project\working\company\yan\App\Admin\Controller\UseController.class.php ç¬¬ 220 è¡Œ.
NOTIC: [8] Undefined index: order D:\database\Project\working\company\yan\App\Admin\Controller\UseController.class.php ç¬¬ 221 è¡Œ.
SQL: SELECT COUNT(*) AS tp_count FROM `y_hosp` LIMIT 1   [ RunTime:0.0001s ]
SQL: SELECT * FROM `y_hosp` ORDER BY add_time desc LIMIT 0,30   [ RunTime:0.0002s ]
INFO: [ app_end ] --START--
INFO: Run Behavior\ShowPageTraceBehavior [ RunTime:0.000549s ]
INFO: [ app_end ] --END-- [ RunTime:0.000579s ]

[ 2017-12-25T17:50:29+08:00 ] 192.168.0.105 /yan/index.php/Admin/Hosp/edit/hosp_id/994595068839d632cb2081aa09fc5ee0
INFO: [ app_init ] --START--
INFO: Run Behavior\BuildLiteBehavior [ RunTime:0.000010s ]
INFO: [ app_init ] --END-- [ RunTime:0.000237s ]
INFO: [ app_begin ] --START--
INFO: Run Behavior\ReadHtmlCacheBehavior [ RunTime:0.000336s ]
INFO: [ app_begin ] --END-- [ RunTime:0.000370s ]
SQL: SHOW COLUMNS FROM `y_config` [ RunTime:0.0006s ]
SQL: SELECT `app_name` FROM `y_config` LIMIT 1   [ RunTime:0.0004s ]
SQL: SHOW COLUMNS FROM `y_hosp` [ RunTime:0.0009s ]
SQL: SELECT * FROM `y_hosp` WHERE `hosp_id` = '994595068839d632cb2081aa09fc5ee0' LIMIT 1   [ RunTime:0.0006s ]
INFO: [ view_parse ] --START--
INFO: [ template_filter ] --START--
INFO: Run Behavior\ContentReplaceBehavior [ RunTime:0.000191s ]
INFO: [ template_filter ] --END-- [ RunTime:0.000226s ]
INFO: Run Behavior\ParseTemplateBehavior [ RunTime:0.006028s ]
INFO: [ view_parse ] --END-- [ RunTime:0.006082s ]
INFO: [ view_filter ] --START--
INFO: Run Behavior\WriteHtmlCacheBehavior [ RunTime:0.000324s ]
INFO: [ view_filter ] --END-- [ RunTime:0.000354s ]
INFO: [ app_end ] --START--
INFO: Run Behavior\ShowPageTraceBehavior [ RunTime:0.000590s ]
INFO: [ app_end ] --END-- [ RunTime:0.000650s ]

[ 2017-12-25T17:50:45+08:00 ] 192.168.0.105 /yan/index.php/Admin/Project/showList/type/healthy/type_title/%E5%A4%A7%E5%81%A5%E5%BA%B7
INFO: [ app_init ] --START--
INFO: Run Behavior\BuildLiteBehavior [ RunTime:0.000010s ]
INFO: [ app_init ] --END-- [ RunTime:0.000224s ]
INFO: [ app_begin ] --START--
INFO: Run Behavior\ReadHtmlCacheBehavior [ RunTime:0.000370s ]
INFO: [ app_begin ] --END-- [ RunTime:0.000403s ]
SQL: SHOW COLUMNS FROM `y_config` [ RunTime:0.0005s ]
SQL: SELECT `app_name` FROM `y_config` LIMIT 1   [ RunTime:0.0003s ]
SQL: SHOW TABLES LIKE 'y_healthy' [ RunTime:0.0003s ]
INFO: [ view_parse ] --START--
INFO: [ template_filter ] --START--
INFO: Run Behavior\ContentReplaceBehavior [ RunTime:0.000214s ]
INFO: [ template_filter ] --END-- [ RunTime:0.000251s ]
INFO: Run Behavior\ParseTemplateBehavior [ RunTime:0.005976s ]
INFO: [ view_parse ] --END-- [ RunTime:0.006039s ]
INFO: [ view_filter ] --START--
INFO: Run Behavior\WriteHtmlCacheBehavior [ RunTime:0.000367s ]
INFO: [ view_filter ] --END-- [ RunTime:0.000404s ]
INFO: [ app_end ] --START--
INFO: Run Behavior\ShowPageTraceBehavior [ RunTime:0.000717s ]
INFO: [ app_end ] --END-- [ RunTime:0.000774s ]

[ 2017-12-25T17:50:45+08:00 ] 192.168.0.105 /yan/index.php/Admin/Use/getListWhere?page=1&limit=30&table=project&where%5Bsuper_id%5D=healthy
INFO: [ app_init ] --START--
INFO: Run Behavior\BuildLiteBehavior [ RunTime:0.000010s ]
INFO: [ app_init ] --END-- [ RunTime:0.000227s ]
INFO: [ app_begin ] --START--
INFO: Run Behavior\ReadHtmlCacheBehavior [ RunTime:0.000364s ]
INFO: [ app_begin ] --END-- [ RunTime:0.000393s ]
SQL: SHOW COLUMNS FROM `y_config` [ RunTime:0.0005s ]
SQL: SELECT `app_name` FROM `y_config` LIMIT 1   [ RunTime:0.0002s ]
SQL: SHOW COLUMNS FROM `y_project` [ RunTime:0.0004s ]
NOTIC: [8] Undefined index: order D:\database\Project\working\company\yan\App\Admin\Controller\UseController.class.php ç¬¬ 221 è¡Œ.
SQL: SELECT COUNT(*) AS tp_count FROM `y_project` LIMIT 1   [ RunTime:0.0001s ]
SQL: SELECT * FROM `y_project` WHERE `super_id` = 'healthy' ORDER BY add_time desc LIMIT 0,30   [ RunTime:0.0002s ]
INFO: [ app_end ] --START--
INFO: Run Behavior\ShowPageTraceBehavior [ RunTime:0.000616s ]
INFO: [ app_end ] --END-- [ RunTime:0.000650s ]

[ 2017-12-25T17:50:55+08:00 ] 192.168.0.105 /yan/index.php/Admin
INFO: [ app_init ] --START--
INFO: Run Behavior\BuildLiteBehavior [ RunTime:0.000009s ]
INFO: [ app_init ] --END-- [ RunTime:0.000325s ]
INFO: [ app_begin ] --START--
INFO: Run Behavior\ReadHtmlCacheBehavior [ RunTime:0.000345s ]
INFO: [ app_begin ] --END-- [ RunTime:0.000378s ]
SQL: SHOW COLUMNS FROM `y_config` [ RunTime:0.0005s ]
SQL: SELECT `app_name` FROM `y_config` LIMIT 1   [ RunTime:0.0002s ]
INFO: [ view_parse ] --START--
INFO: [ template_filter ] --START--
INFO: Run Behavior\ContentReplaceBehavior [ RunTime:0.000208s ]
INFO: [ template_filter ] --END-- [ RunTime:0.000244s ]
INFO: Run Behavior\ParseTemplateBehavior [ RunTime:0.006580s ]
INFO: [ view_parse ] --END-- [ RunTime:0.006645s ]
INFO: [ view_filter ] --START--
INFO: Run Behavior\WriteHtmlCacheBehavior [ RunTime:0.000494s ]
INFO: [ view_filter ] --END-- [ RunTime:0.000545s ]
INFO: [ app_end ] --START--
INFO: Run Behavior\ShowPageTraceBehavior [ RunTime:0.001144s ]
INFO: [ app_end ] --END-- [ RunTime:0.001225s ]

[ 2017-12-25T17:50:55+08:00 ] 192.168.0.105 /yan/index.php/Admin/Project/showList/type/healthy/type_title/%E5%A4%A7%E5%81%A5%E5%BA%B7
INFO: [ app_init ] --START--
INFO: Run Behavior\BuildLiteBehavior [ RunTime:0.000011s ]
INFO: [ app_init ] --END-- [ RunTime:0.000249s ]
INFO: [ app_begin ] --START--
INFO: Run Behavior\ReadHtmlCacheBehavior [ RunTime:0.000354s ]
INFO: [ app_begin ] --END-- [ RunTime:0.000390s ]
SQL: SHOW COLUMNS FROM `y_config` [ RunTime:0.0007s ]
SQL: SELECT `app_name` FROM `y_config` LIMIT 1   [ RunTime:0.0002s ]
SQL: SHOW TABLES LIKE 'y_healthy' [ RunTime:0.0003s ]
INFO: [ view_parse ] --START--
INFO: [ template_filter ] --START--
INFO: Run Behavior\ContentReplaceBehavior [ RunTime:0.000222s ]
INFO: [ template_filter ] --END-- [ RunTime:0.000265s ]
INFO: Run Behavior\ParseTemplateBehavior [ RunTime:0.005890s ]
INFO: [ view_parse ] --END-- [ RunTime:0.005927s ]
INFO: [ view_filter ] --START--
INFO: Run Behavior\WriteHtmlCacheBehavior [ RunTime:0.000290s ]
INFO: [ view_filter ] --END-- [ RunTime:0.000316s ]
INFO: [ app_end ] --START--
INFO: Run Behavior\ShowPageTraceBehavior [ RunTime:0.000531s ]
INFO: [ app_end ] --END-- [ RunTime:0.000569s ]

[ 2017-12-25T17:50:55+08:00 ] 192.168.0.105 /yan/index.php/Admin/Use/getListWhere?page=1&limit=30&table=project&where%5Bsuper_id%5D=healthy
INFO: [ app_init ] --START--
INFO: Run Behavior\BuildLiteBehavior [ RunTime:0.000020s ]
INFO: [ app_init ] --END-- [ RunTime:0.000462s ]
INFO: [ app_begin ] --START--
INFO: Run Behavior\ReadHtmlCacheBehavior [ RunTime:0.000453s ]
INFO: [ app_begin ] --END-- [ RunTime:0.000506s ]
SQL: SHOW COLUMNS FROM `y_config` [ RunTime:0.0005s ]
SQL: SELECT `app_name` FROM `y_config` LIMIT 1   [ RunTime:0.0002s ]
SQL: SHOW COLUMNS FROM `y_project` [ RunTime:0.0005s ]
NOTIC: [8] Undefined index: order D:\database\Project\working\company\yan\App\Admin\Controller\UseController.class.php ç¬¬ 221 è¡Œ.
SQL: SELECT COUNT(*) AS tp_count FROM `y_project` LIMIT 1   [ RunTime:0.0002s ]
SQL: SELECT * FROM `y_project` WHERE `super_id` = 'healthy' ORDER BY add_time desc LIMIT 0,30   [ RunTime:0.0003s ]
INFO: [ app_end ] --START--
INFO: Run Behavior\ShowPageTraceBehavior [ RunTime:0.000554s ]
INFO: [ app_end ] --END-- [ RunTime:0.000593s ]

[ 2017-12-25T17:50:58+08:00 ] 192.168.0.105 /yan/index.php/Admin
INFO: [ app_init ] --START--
INFO: Run Behavior\BuildLiteBehavior [ RunTime:0.000008s ]
INFO: [ app_init ] --END-- [ RunTime:0.000219s ]
INFO: [ app_begin ] --START--
INFO: Run Behavior\ReadHtmlCacheBehavior [ RunTime:0.000328s ]
INFO: [ app_begin ] --END-- [ RunTime:0.000359s ]
SQL: SHOW COLUMNS FROM `y_config` [ RunTime:0.0005s ]
SQL: SELECT `app_name` FROM `y_config` LIMIT 1   [ RunTime:0.0002s ]
INFO: [ view_parse ] --START--
INFO: [ template_filter ] --START--
INFO: Run Behavior\ContentReplaceBehavior [ RunTime:0.000217s ]
INFO: [ template_filter ] --END-- [ RunTime:0.000253s ]
INFO: Run Behavior\ParseTemplateBehavior [ RunTime:0.006414s ]
INFO: [ view_parse ] --END-- [ RunTime:0.006455s ]
INFO: [ view_filter ] --START--
INFO: Run Behavior\WriteHtmlCacheBehavior [ RunTime:0.000319s ]
INFO: [ view_filter ] --END-- [ RunTime:0.000348s ]
INFO: [ app_end ] --START--
INFO: Run Behavior\ShowPageTraceBehavior [ RunTime:0.000770s ]
INFO: [ app_end ] --END-- [ RunTime:0.000832s ]

[ 2017-12-25T17:50:58+08:00 ] 192.168.0.105 /yan/index.php/Admin/Project/showList/type/healthy/type_title/%E5%A4%A7%E5%81%A5%E5%BA%B7
INFO: [ app_init ] --START--
INFO: Run Behavior\BuildLiteBehavior [ RunTime:0.000011s ]
INFO: [ app_init ] --END-- [ RunTime:0.000254s ]
INFO: [ app_begin ] --START--
INFO: Run Behavior\ReadHtmlCacheBehavior [ RunTime:0.000470s ]
INFO: [ app_begin ] --END-- [ RunTime:0.000514s ]
SQL: SHOW COLUMNS FROM `y_config` [ RunTime:0.0006s ]
SQL: SELECT `app_name` FROM `y_config` LIMIT 1   [ RunTime:0.0002s ]
SQL: SHOW TABLES LIKE 'y_healthy' [ RunTime:0.0007s ]
INFO: [ view_parse ] --START--
INFO: [ template_filter ] --START--
INFO: Run Behavior\ContentReplaceBehavior [ RunTime:0.000244s ]
INFO: [ template_filter ] --END-- [ RunTime:0.000298s ]
INFO: Run Behavior\ParseTemplateBehavior [ RunTime:0.007692s ]
INFO: [ view_parse ] --END-- [ RunTime:0.007756s ]
INFO: [ view_filter ] --START--
INFO: Run Behavior\WriteHtmlCacheBehavior [ RunTime:0.000494s ]
INFO: [ view_filter ] --END-- [ RunTime:0.000549s ]
INFO: [ app_end ] --START--
INFO: Run Behavior\ShowPageTraceBehavior [ RunTime:0.000717s ]
INFO: [ app_end ] --END-- [ RunTime:0.000774s ]

[ 2017-12-25T17:50:58+08:00 ] 192.168.0.105 /yan/index.php/Admin/Use/getListWhere?page=1&limit=30&table=project&where%5Bsuper_id%5D=healthy
INFO: [ app_init ] --START--
INFO: Run Behavior\BuildLiteBehavior [ RunTime:0.000052s ]
INFO: [ app_init ] --END-- [ RunTime:0.000860s ]
INFO: [ app_begin ] --START--
INFO: Run Behavior\ReadHtmlCacheBehavior [ RunTime:0.000522s ]
INFO: [ app_begin ] --END-- [ RunTime:0.000579s ]
SQL: SHOW COLUMNS FROM `y_config` [ RunTime:0.0004s ]
SQL: SELECT `app_name` FROM `y_config` LIMIT 1   [ RunTime:0.0002s ]
SQL: SHOW COLUMNS FROM `y_project` [ RunTime:0.0005s ]
NOTIC: [8] Undefined index: order D:\database\Project\working\company\yan\App\Admin\Controller\UseController.class.php ç¬¬ 221 è¡Œ.
SQL: SELECT COUNT(*) AS tp_count FROM `y_project` LIMIT 1   [ RunTime:0.0001s ]
SQL: SELECT * FROM `y_project` WHERE `super_id` = 'healthy' ORDER BY add_time desc LIMIT 0,30   [ RunTime:0.0002s ]
INFO: [ app_end ] --START--
INFO: Run Behavior\ShowPageTraceBehavior [ RunTime:0.000560s ]
INFO: [ app_end ] --END-- [ RunTime:0.000590s ]

[ 2017-12-25T17:51:11+08:00 ] 192.168.0.105 /yan/index.php/Admin
INFO: [ app_init ] --START--
INFO: Run Behavior\BuildLiteBehavior [ RunTime:0.000010s ]
INFO: [ app_init ] --END-- [ RunTime:0.000327s ]
INFO: [ app_begin ] --START--
INFO: Run Behavior\ReadHtmlCacheBehavior [ RunTime:0.000576s ]
INFO: [ app_begin ] --END-- [ RunTime:0.000610s ]
SQL: SHOW COLUMNS FROM `y_config` [ RunTime:0.0009s ]
SQL: SELECT `app_name` FROM `y_config` LIMIT 1   [ RunTime:0.0010s ]
INFO: [ view_parse ] --START--
INFO: [ template_filter ] --START--
INFO: Run Behavior\ContentReplaceBehavior [ RunTime:0.000330s ]
INFO: [ template_filter ] --END-- [ RunTime:0.000395s ]
INFO: Run Behavior\ParseTemplateBehavior [ RunTime:0.008348s ]
INFO: [ view_parse ] --END-- [ RunTime:0.008424s ]
INFO: [ view_filter ] --START--
INFO: Run Behavior\WriteHtmlCacheBehavior [ RunTime:0.000436s ]
INFO: [ view_filter ] --END-- [ RunTime:0.000472s ]
INFO: [ app_end ] --START--
INFO: Run Behavior\ShowPageTraceBehavior [ RunTime:0.000839s ]
INFO: [ app_end ] --END-- [ RunTime:0.000900s ]

[ 2017-12-25T17:51:11+08:00 ] 192.168.0.105 /yan/index.php/Admin/Project/showList/type/healthy/type_title/%E5%A4%A7%E5%81%A5%E5%BA%B7
INFO: [ app_init ] --START--
INFO: Run Behavior\BuildLiteBehavior [ RunTime:0.000017s ]
INFO: [ app_init ] --END-- [ RunTime:0.000412s ]
INFO: [ app_begin ] --START--
INFO: Run Behavior\ReadHtmlCacheBehavior [ RunTime:0.000659s ]
INFO: [ app_begin ] --END-- [ RunTime:0.000756s ]
SQL: SHOW COLUMNS FROM `y_config` [ RunTime:0.0004s ]
SQL: SELECT `app_name` FROM `y_config` LIMIT 1   [ RunTime:0.0001s ]
SQL: SHOW TABLES LIKE 'y_healthy' [ RunTime:0.0003s ]
INFO: [ view_parse ] --START--
INFO: [ template_filter ] --START--
INFO: Run Behavior\ContentReplaceBehavior [ RunTime:0.000320s ]
INFO: [ template_filter ] --END-- [ RunTime:0.000374s ]
INFO: Run Behavior\ParseTemplateBehavior [ RunTime:0.007980s ]
INFO: [ view_parse ] --END-- [ RunTime:0.008031s ]
INFO: [ view_filter ] --START--
INFO: Run Behavior\WriteHtmlCacheBehavior [ RunTime:0.000504s ]
INFO: [ view_filter ] --END-- [ RunTime:0.000548s ]
INFO: [ app_end ] --START--
INFO: Run Behavior\ShowPageTraceBehavior [ RunTime:0.000862s ]
INFO: [ app_end ] --END-- [ RunTime:0.000922s ]

[ 2017-12-25T17:51:11+08:00 ] 192.168.0.105 /yan/index.php/Admin/Use/getListWhere?page=1&limit=30&table=project&where%5Bsuper_id%5D=healthy
INFO: [ app_init ] --START--
INFO: Run Behavior\BuildLiteBehavior [ RunTime:0.000028s ]
INFO: [ app_init ] --END-- [ RunTime:0.000635s ]
INFO: [ app_begin ] --START--
INFO: Run Behavior\ReadHtmlCacheBehavior [ RunTime:0.000582s ]
INFO: [ app_begin ] --END-- [ RunTime:0.000634s ]
SQL: SHOW COLUMNS FROM `y_config` [ RunTime:0.0007s ]
SQL: SELECT `app_name` FROM `y_config` LIMIT 1   [ RunTime:0.0002s ]
SQL: SHOW COLUMNS FROM `y_project` [ RunTime:0.0009s ]
NOTIC: [8] Undefined index: order D:\database\Project\working\company\yan\App\Admin\Controller\UseController.class.php ç¬¬ 221 è¡Œ.
SQL: SELECT COUNT(*) AS tp_count FROM `y_project` LIMIT 1   [ RunTime:0.0003s ]
SQL: SELECT * FROM `y_project` WHERE `super_id` = 'healthy' ORDER BY add_time desc LIMIT 0,30   [ RunTime:0.0004s ]
INFO: [ app_end ] --START--
INFO: Run Behavior\ShowPageTraceBehavior [ RunTime:0.000635s ]
INFO: [ app_end ] --END-- [ RunTime:0.000669s ]

[ 2017-12-25T17:51:11+08:00 ] 192.168.0.105 /yan/index.php/Admin
INFO: [ app_init ] --START--
INFO: Run Behavior\BuildLiteBehavior [ RunTime:0.000019s ]
INFO: [ app_init ] --END-- [ RunTime:0.000354s ]
INFO: [ app_begin ] --START--
INFO: Run Behavior\ReadHtmlCacheBehavior [ RunTime:0.000563s ]
INFO: [ app_begin ] --END-- [ RunTime:0.000609s ]
SQL: SHOW COLUMNS FROM `y_config` [ RunTime:0.0005s ]
SQL: SELECT `app_name` FROM `y_config` LIMIT 1   [ RunTime:0.0002s ]
INFO: [ view_parse ] --START--
INFO: [ template_filter ] --START--
INFO: Run Behavior\ContentReplaceBehavior [ RunTime:0.000238s ]
INFO: [ template_filter ] --END-- [ RunTime:0.000281s ]
INFO: Run Behavior\ParseTemplateBehavior [ RunTime:0.007557s ]
INFO: [ view_parse ] --END-- [ RunTime:0.007612s ]
INFO: [ view_filter ] --START--
INFO: Run Behavior\WriteHtmlCacheBehavior [ RunTime:0.000682s ]
INFO: [ view_filter ] --END-- [ RunTime:0.000740s ]
INFO: [ app_end ] --START--
INFO: Run Behavior\ShowPageTraceBehavior [ RunTime:0.000910s ]
INFO: [ app_end ] --END-- [ RunTime:0.000985s ]

[ 2017-12-25T17:51:12+08:00 ] 192.168.0.105 /yan/index.php/Admin/Project/showList/type/healthy/type_title/%E5%A4%A7%E5%81%A5%E5%BA%B7
INFO: [ app_init ] --START--
INFO: Run Behavior\BuildLiteBehavior [ RunTime:0.000011s ]
INFO: [ app_init ] --END-- [ RunTime:0.000357s ]
INFO: [ app_begin ] --START--
INFO: Run Behavior\ReadHtmlCacheBehavior [ RunTime:0.000536s ]
INFO: [ app_begin ] --END-- [ RunTime:0.000585s ]
SQL: SHOW COLUMNS FROM `y_config` [ RunTime:0.0004s ]
SQL: SELECT `app_name` FROM `y_config` LIMIT 1   [ RunTime:0.0002s ]
SQL: SHOW TABLES LIKE 'y_healthy' [ RunTime:0.0003s ]
INFO: [ view_parse ] --START--
INFO: [ template_filter ] --START--
INFO: Run Behavior\ContentReplaceBehavior [ RunTime:0.000400s ]
INFO: [ template_filter ] --END-- [ RunTime:0.000500s ]
INFO: Run Behavior\ParseTemplateBehavior [ RunTime:0.007924s ]
INFO: [ view_parse ] --END-- [ RunTime:0.007968s ]
INFO: [ view_filter ] --START--
INFO: Run Behavior\WriteHtmlCacheBehavior [ RunTime:0.000370s ]
INFO: [ view_filter ] --END-- [ RunTime:0.000404s ]
INFO: [ app_end ] --START--
INFO: Run Behavior\ShowPageTraceBehavior [ RunTime:0.000653s ]
INFO: [ app_end ] --END-- [ RunTime:0.000709s ]

[ 2017-12-25T17:51:12+08:00 ] 192.168.0.105 /yan/index.php/Admin/Use/getListWhere?page=1&limit=30&table=project&where%5Bsuper_id%5D=healthy
INFO: [ app_init ] --START--
INFO: Run Behavior\BuildLiteBehavior [ RunTime:0.000011s ]
INFO: [ app_init ] --END-- [ RunTime:0.000279s ]
INFO: [ app_begin ] --START--
INFO: Run Behavior\ReadHtmlCacheBehavior [ RunTime:0.000496s ]
INFO: [ app_begin ] --END-- [ RunTime:0.000526s ]
SQL: SHOW COLUMNS FROM `y_config` [ RunTime:0.0004s ]
SQL: SELECT `app_name` FROM `y_config` LIMIT 1   [ RunTime:0.0001s ]
SQL: SHOW COLUMNS FROM `y_project` [ RunTime:0.0004s ]
NOTIC: [8] Undefined index: order D:\database\Project\working\company\yan\App\Admin\Controller\UseController.class.php ç¬¬ 221 è¡Œ.
SQL: SELECT COUNT(*) AS tp_count FROM `y_project` LIMIT 1   [ RunTime:0.0001s ]
SQL: SELECT * FROM `y_project` WHERE `super_id` = 'healthy' ORDER BY add_time desc LIMIT 0,30   [ RunTime:0.0002s ]
INFO: [ app_end ] --START--
INFO: Run Behavior\ShowPageTraceBehavior [ RunTime:0.000603s ]
INFO: [ app_end ] --END-- [ RunTime:0.000634s ]

[ 2017-12-25T17:51:37+08:00 ] 192.168.0.105 /yan/index.php/Admin
INFO: [ app_init ] --START--
INFO: Run Behavior\BuildLiteBehavior [ RunTime:0.000010s ]
INFO: [ app_init ] --END-- [ RunTime:0.000242s ]
INFO: [ app_begin ] --START--
INFO: Run Behavior\ReadHtmlCacheBehavior [ RunTime:0.000329s ]
INFO: [ app_begin ] --END-- [ RunTime:0.000360s ]
SQL: SHOW COLUMNS FROM `y_config` [ RunTime:0.0011s ]
SQL: SELECT `app_name` FROM `y_config` LIMIT 1   [ RunTime:0.0002s ]
INFO: [ view_parse ] --START--
INFO: [ template_filter ] --START--
INFO: Run Behavior\ContentReplaceBehavior [ RunTime:0.000206s ]
INFO: [ template_filter ] --END-- [ RunTime:0.000242s ]
INFO: Run Behavior\ParseTemplateBehavior [ RunTime:0.006739s ]
INFO: [ view_parse ] --END-- [ RunTime:0.006780s ]
INFO: [ view_filter ] --START--
INFO: Run Behavior\WriteHtmlCacheBehavior [ RunTime:0.000320s ]
INFO: [ view_filter ] --END-- [ RunTime:0.000352s ]
INFO: [ app_end ] --START--
INFO: Run Behavior\ShowPageTraceBehavior [ RunTime:0.000772s ]
INFO: [ app_end ] --END-- [ RunTime:0.000841s ]

[ 2017-12-25T17:51:37+08:00 ] 192.168.0.105 /yan/index.php/Admin/Project/showList/type/healthy/type_title/%E5%A4%A7%E5%81%A5%E5%BA%B7
INFO: [ app_init ] --START--
INFO: Run Behavior\BuildLiteBehavior [ RunTime:0.000009s ]
INFO: [ app_init ] --END-- [ RunTime:0.000219s ]
INFO: [ app_begin ] --START--
INFO: Run Behavior\ReadHtmlCacheBehavior [ RunTime:0.000331s ]
INFO: [ app_begin ] --END-- [ RunTime:0.000364s ]
SQL: SHOW COLUMNS FROM `y_config` [ RunTime:0.0004s ]
SQL: SELECT `app_name` FROM `y_config` LIMIT 1   [ RunTime:0.0002s ]
SQL: SHOW TABLES LIKE 'y_healthy' [ RunTime:0.0003s ]
INFO: [ view_parse ] --START--
INFO: [ template_filter ] --START--
INFO: Run Behavior\ContentReplaceBehavior [ RunTime:0.000241s ]
INFO: [ template_filter ] --END-- [ RunTime:0.000285s ]
INFO: Run Behavior\ParseTemplateBehavior [ RunTime:0.007444s ]
INFO: [ view_parse ] --END-- [ RunTime:0.007488s ]
INFO: [ view_filter ] --START--
INFO: Run Behavior\WriteHtmlCacheBehavior [ RunTime:0.000328s ]
INFO: [ view_filter ] --END-- [ RunTime:0.000362s ]
INFO: [ app_end ] --START--
INFO: Run Behavior\ShowPageTraceBehavior [ RunTime:0.000752s ]
INFO: [ app_end ] --END-- [ RunTime:0.000810s ]

[ 2017-12-25T17:51:37+08:00 ] 192.168.0.105 /yan/index.php/Admin/Use/getListWhere?page=1&limit=30&table=project&where%5Bsuper_id%5D=healthy
INFO: [ app_init ] --START--
INFO: Run Behavior\BuildLiteBehavior [ RunTime:0.000010s ]
INFO: [ app_init ] --END-- [ RunTime:0.000227s ]
INFO: [ app_begin ] --START--
INFO: Run Behavior\ReadHtmlCacheBehavior [ RunTime:0.000334s ]
INFO: [ app_begin ] --END-- [ RunTime:0.000374s ]
SQL: SHOW COLUMNS FROM `y_config` [ RunTime:0.0007s ]
SQL: SELECT `app_name` FROM `y_config` LIMIT 1   [ RunTime:0.0002s ]
SQL: SHOW COLUMNS FROM `y_project` [ RunTime:0.0004s ]
NOTIC: [8] Undefined index: order D:\database\Project\working\company\yan\App\Admin\Controller\UseController.class.php ç¬¬ 221 è¡Œ.
SQL: SELECT COUNT(*) AS tp_count FROM `y_project` LIMIT 1   [ RunTime:0.0001s ]
SQL: SELECT * FROM `y_project` WHERE `super_id` = 'healthy' ORDER BY add_time desc LIMIT 0,30   [ RunTime:0.0003s ]
INFO: [ app_end ] --START--
INFO: Run Behavior\ShowPageTraceBehavior [ RunTime:0.000573s ]
INFO: [ app_end ] --END-- [ RunTime:0.000607s ]

[ 2017-12-25T18:07:09+08:00 ] 192.168.0.105 /yan/index.php/Admin
INFO: [ app_init ] --START--
INFO: Run Behavior\BuildLiteBehavior [ RunTime:0.000018s ]
INFO: [ app_init ] --END-- [ RunTime:0.000269s ]
INFO: [ app_begin ] --START--
INFO: Run Behavior\ReadHtmlCacheBehavior [ RunTime:0.000398s ]
INFO: [ app_begin ] --END-- [ RunTime:0.000430s ]
SQL: SHOW COLUMNS FROM `y_config` [ RunTime:0.0007s ]
SQL: SELECT `app_name` FROM `y_config` LIMIT 1   [ RunTime:0.0002s ]
INFO: [ view_parse ] --START--
INFO: [ template_filter ] --START--
INFO: Run Behavior\ContentReplaceBehavior [ RunTime:0.000235s ]
INFO: [ template_filter ] --END-- [ RunTime:0.000274s ]
INFO: Run Behavior\ParseTemplateBehavior [ RunTime:0.008137s ]
INFO: [ view_parse ] --END-- [ RunTime:0.008180s ]
INFO: [ view_filter ] --START--
INFO: Run Behavior\WriteHtmlCacheBehavior [ RunTime:0.000463s ]
INFO: [ view_filter ] --END-- [ RunTime:0.000504s ]
INFO: [ app_end ] --START--
INFO: Run Behavior\ShowPageTraceBehavior [ RunTime:0.000536s ]
INFO: [ app_end ] --END-- [ RunTime:0.000586s ]

[ 2017-12-25T18:07:10+08:00 ] 192.168.0.105 /yan/index.php/Admin/Project/showList/type/healthy/type_title/%E5%A4%A7%E5%81%A5%E5%BA%B7
INFO: [ app_init ] --START--
INFO: Run Behavior\BuildLiteBehavior [ RunTime:0.000009s ]
INFO: [ app_init ] --END-- [ RunTime:0.000232s ]
INFO: [ app_begin ] --START--
INFO: Run Behavior\ReadHtmlCacheBehavior [ RunTime:0.000357s ]
INFO: [ app_begin ] --END-- [ RunTime:0.000390s ]
SQL: SHOW COLUMNS FROM `y_config` [ RunTime:0.0006s ]
SQL: SELECT `app_name` FROM `y_config` LIMIT 1   [ RunTime:0.0002s ]
SQL: SHOW TABLES LIKE 'y_healthy' [ RunTime:0.0004s ]
INFO: [ view_parse ] --START--
INFO: [ template_filter ] --START--
INFO: Run Behavior\ContentReplaceBehavior [ RunTime:0.000226s ]
INFO: [ template_filter ] --END-- [ RunTime:0.000269s ]
INFO: Run Behavior\ParseTemplateBehavior [ RunTime:0.006398s ]
INFO: [ view_parse ] --END-- [ RunTime:0.006452s ]
INFO: [ view_filter ] --START--
INFO: Run Behavior\WriteHtmlCacheBehavior [ RunTime:0.000364s ]
INFO: [ view_filter ] --END-- [ RunTime:0.000401s ]
INFO: [ app_end ] --START--
INFO: Run Behavior\ShowPageTraceBehavior [ RunTime:0.000766s ]
INFO: [ app_end ] --END-- [ RunTime:0.000833s ]

[ 2017-12-25T18:07:10+08:00 ] 192.168.0.105 /yan/index.php/Admin/Use/getListWhere?page=1&limit=30&table=project&where%5Bsuper_id%5D=healthy
INFO: [ app_init ] --START--
INFO: Run Behavior\BuildLiteBehavior [ RunTime:0.000011s ]
INFO: [ app_init ] --END-- [ RunTime:0.000243s ]
INFO: [ app_begin ] --START--
INFO: Run Behavior\ReadHtmlCacheBehavior [ RunTime:0.000352s ]
INFO: [ app_begin ] --END-- [ RunTime:0.000384s ]
SQL: SHOW COLUMNS FROM `y_config` [ RunTime:0.0006s ]
SQL: SELECT `app_name` FROM `y_config` LIMIT 1   [ RunTime:0.0008s ]
SQL: SHOW COLUMNS FROM `y_project` [ RunTime:0.0006s ]
NOTIC: [8] Undefined index: order D:\database\Project\working\company\yan\App\Admin\Controller\UseController.class.php ç¬¬ 221 è¡Œ.
SQL: SELECT COUNT(*) AS tp_count FROM `y_project` LIMIT 1   [ RunTime:0.0002s ]
SQL: SELECT * FROM `y_project` WHERE `super_id` = 'healthy' ORDER BY add_time desc LIMIT 0,30   [ RunTime:0.0004s ]
INFO: [ app_end ] --START--
INFO: Run Behavior\ShowPageTraceBehavior [ RunTime:0.000637s ]
INFO: [ app_end ] --END-- [ RunTime:0.000683s ]

[ 2017-12-25T18:07:18+08:00 ] 192.168.0.105 /yan/index.php/Admin
INFO: [ app_init ] --START--
INFO: Run Behavior\BuildLiteBehavior [ RunTime:0.000010s ]
INFO: [ app_init ] --END-- [ RunTime:0.000254s ]
INFO: [ app_begin ] --START--
INFO: Run Behavior\ReadHtmlCacheBehavior [ RunTime:0.000413s ]
INFO: [ app_begin ] --END-- [ RunTime:0.000469s ]
SQL: SHOW COLUMNS FROM `y_config` [ RunTime:0.0010s ]
SQL: SELECT `app_name` FROM `y_config` LIMIT 1   [ RunTime:0.0007s ]
INFO: [ view_parse ] --START--
INFO: [ template_filter ] --START--
INFO: Run Behavior\ContentReplaceBehavior [ RunTime:0.000231s ]
INFO: [ template_filter ] --END-- [ RunTime:0.000272s ]
INFO: Run Behavior\ParseTemplateBehavior [ RunTime:0.007180s ]
INFO: [ view_parse ] --END-- [ RunTime:0.007237s ]
INFO: [ view_filter ] --START--
INFO: Run Behavior\WriteHtmlCacheBehavior [ RunTime:0.000315s ]
INFO: [ view_filter ] --END-- [ RunTime:0.000342s ]
INFO: [ app_end ] --START--
INFO: Run Behavior\ShowPageTraceBehavior [ RunTime:0.000657s ]
INFO: [ app_end ] --END-- [ RunTime:0.000716s ]

[ 2017-12-25T18:07:18+08:00 ] 192.168.0.105 /yan/index.php/Admin/Project/showList/type/healthy/type_title/%E5%A4%A7%E5%81%A5%E5%BA%B7
INFO: [ app_init ] --START--
INFO: Run Behavior\BuildLiteBehavior [ RunTime:0.000009s ]
INFO: [ app_init ] --END-- [ RunTime:0.000236s ]
INFO: [ app_begin ] --START--
INFO: Run Behavior\ReadHtmlCacheBehavior [ RunTime:0.000347s ]
INFO: [ app_begin ] --END-- [ RunTime:0.000381s ]
SQL: SHOW COLUMNS FROM `y_config` [ RunTime:0.0004s ]
SQL: SELECT `app_name` FROM `y_config` LIMIT 1   [ RunTime:0.0001s ]
SQL: SHOW TABLES LIKE 'y_healthy' [ RunTime:0.0003s ]
INFO: [ view_parse ] --START--
INFO: [ template_filter ] --START--
INFO: Run Behavior\ContentReplaceBehavior [ RunTime:0.000221s ]
INFO: [ template_filter ] --END-- [ RunTime:0.000258s ]
INFO: Run Behavior\ParseTemplateBehavior [ RunTime:0.006016s ]
INFO: [ view_parse ] --END-- [ RunTime:0.006065s ]
INFO: [ view_filter ] --START--
INFO: Run Behavior\WriteHtmlCacheBehavior [ RunTime:0.000329s ]
INFO: [ view_filter ] --END-- [ RunTime:0.000361s ]
INFO: [ app_end ] --START--
INFO: Run Behavior\ShowPageTraceBehavior [ RunTime:0.000633s ]
INFO: [ app_end ] --END-- [ RunTime:0.000713s ]

[ 2017-12-25T18:07:18+08:00 ] 192.168.0.105 /yan/index.php/Admin/Use/getListWhere?page=1&limit=30&table=project&where%5Bsuper_id%5D=healthy
INFO: [ app_init ] --START--
INFO: Run Behavior\BuildLiteBehavior [ RunTime:0.000011s ]
INFO: [ app_init ] --END-- [ RunTime:0.000258s ]
INFO: [ app_begin ] --START--
INFO: Run Behavior\ReadHtmlCacheBehavior [ RunTime:0.000393s ]
INFO: [ app_begin ] --END-- [ RunTime:0.000432s ]
SQL: SHOW COLUMNS FROM `y_config` [ RunTime:0.0008s ]
SQL: SELECT `app_name` FROM `y_config` LIMIT 1   [ RunTime:0.0003s ]
SQL: SHOW COLUMNS FROM `y_project` [ RunTime:0.0006s ]
NOTIC: [8] Undefined index: order D:\database\Project\working\company\yan\App\Admin\Controller\UseController.class.php ç¬¬ 221 è¡Œ.
SQL: SELECT COUNT(*) AS tp_count FROM `y_project` LIMIT 1   [ RunTime:0.0002s ]
SQL: SELECT * FROM `y_project` WHERE `super_id` = 'healthy' ORDER BY add_time desc LIMIT 0,30   [ RunTime:0.0002s ]
INFO: [ app_end ] --START--
INFO: Run Behavior\ShowPageTraceBehavior [ RunTime:0.000515s ]
INFO: [ app_end ] --END-- [ RunTime:0.000550s ]

[ 2017-12-25T18:07:19+08:00 ] 192.168.0.105 /yan/index.php/Admin/Use/getListWhere?page=1&limit=30&table=hosp
INFO: [ app_init ] --START--
INFO: Run Behavior\BuildLiteBehavior [ RunTime:0.000010s ]
INFO: [ app_init ] --END-- [ RunTime:0.000229s ]
INFO: [ app_begin ] --START--
INFO: Run Behavior\ReadHtmlCacheBehavior [ RunTime:0.000524s ]
INFO: [ app_begin ] --END-- [ RunTime:0.000585s ]
SQL: SHOW COLUMNS FROM `y_config` [ RunTime:0.0005s ]
SQL: SELECT `app_name` FROM `y_config` LIMIT 1   [ RunTime:0.0002s ]
SQL: SHOW COLUMNS FROM `y_hosp` [ RunTime:0.0004s ]
NOTIC: [8] Undefined index: where D:\database\Project\working\company\yan\App\Admin\Controller\UseController.class.php ç¬¬ 220 è¡Œ.
NOTIC: [8] Undefined index: order D:\database\Project\working\company\yan\App\Admin\Controller\UseController.class.php ç¬¬ 221 è¡Œ.
SQL: SELECT COUNT(*) AS tp_count FROM `y_hosp` LIMIT 1   [ RunTime:0.0002s ]
SQL: SELECT * FROM `y_hosp` ORDER BY add_time desc LIMIT 0,30   [ RunTime:0.0003s ]
INFO: [ app_end ] --START--
INFO: Run Behavior\ShowPageTraceBehavior [ RunTime:0.000473s ]
INFO: [ app_end ] --END-- [ RunTime:0.000503s ]

[ 2017-12-25T18:07:22+08:00 ] 192.168.0.105 /yan/index.php/Admin
INFO: [ app_init ] --START--
INFO: Run Behavior\BuildLiteBehavior [ RunTime:0.000016s ]
INFO: [ app_init ] --END-- [ RunTime:0.000398s ]
INFO: [ app_begin ] --START--
INFO: Run Behavior\ReadHtmlCacheBehavior [ RunTime:0.000607s ]
INFO: [ app_begin ] --END-- [ RunTime:0.000675s ]
SQL: SHOW COLUMNS FROM `y_config` [ RunTime:0.0007s ]
SQL: SELECT `app_name` FROM `y_config` LIMIT 1   [ RunTime:0.0002s ]
INFO: [ view_parse ] --START--
INFO: [ template_filter ] --START--
INFO: Run Behavior\ContentReplaceBehavior [ RunTime:0.000380s ]
INFO: [ template_filter ] --END-- [ RunTime:0.000453s ]
INFO: Run Behavior\ParseTemplateBehavior [ RunTime:0.008785s ]
INFO: [ view_parse ] --END-- [ RunTime:0.008864s ]
INFO: [ view_filter ] --START--
INFO: Run Behavior\WriteHtmlCacheBehavior [ RunTime:0.000390s ]
INFO: [ view_filter ] --END-- [ RunTime:0.000426s ]
INFO: [ app_end ] --START--
INFO: Run Behavior\ShowPageTraceBehavior [ RunTime:0.000821s ]
INFO: [ app_end ] --END-- [ RunTime:0.000888s ]

[ 2017-12-25T18:07:22+08:00 ] 192.168.0.105 /yan/index.php/Admin/Project/showList/type/healthy/type_title/%E5%A4%A7%E5%81%A5%E5%BA%B7
INFO: [ app_init ] --START--
INFO: Run Behavior\BuildLiteBehavior [ RunTime:0.000016s ]
INFO: [ app_init ] --END-- [ RunTime:0.000450s ]
INFO: [ app_begin ] --START--
INFO: Run Behavior\ReadHtmlCacheBehavior [ RunTime:0.000374s ]
INFO: [ app_begin ] --END-- [ RunTime:0.000416s ]
SQL: SHOW COLUMNS FROM `y_config` [ RunTime:0.0004s ]
SQL: SELECT `app_name` FROM `y_config` LIMIT 1   [ RunTime:0.0002s ]
SQL: SHOW TABLES LIKE 'y_healthy' [ RunTime:0.0003s ]
INFO: [ view_parse ] --START--
INFO: [ template_filter ] --START--
INFO: Run Behavior\ContentReplaceBehavior [ RunTime:0.000224s ]
INFO: [ template_filter ] --END-- [ RunTime:0.000268s ]
INFO: Run Behavior\ParseTemplateBehavior [ RunTime:0.006935s ]
INFO: [ view_parse ] --END-- [ RunTime:0.006977s ]
INFO: [ view_filter ] --START--
INFO: Run Behavior\WriteHtmlCacheBehavior [ RunTime:0.000449s ]
INFO: [ view_filter ] --END-- [ RunTime:0.000490s ]
INFO: [ app_end ] --START--
INFO: Run Behavior\ShowPageTraceBehavior [ RunTime:0.000599s ]
INFO: [ app_end ] --END-- [ RunTime:0.000664s ]

[ 2017-12-25T18:07:22+08:00 ] 192.168.0.105 /yan/index.php/Admin/Use/getListWhere?page=1&limit=30&table=project&where%5Bsuper_id%5D=healthy
INFO: [ app_init ] --START--
INFO: Run Behavior\BuildLiteBehavior [ RunTime:0.000012s ]
INFO: [ app_init ] --END-- [ RunTime:0.000278s ]
INFO: [ app_begin ] --START--
INFO: Run Behavior\ReadHtmlCacheBehavior [ RunTime:0.000486s ]
INFO: [ app_begin ] --END-- [ RunTime:0.000539s ]
SQL: SHOW COLUMNS FROM `y_config` [ RunTime:0.0005s ]
SQL: SELECT `app_name` FROM `y_config` LIMIT 1   [ RunTime:0.0002s ]
SQL: SHOW COLUMNS FROM `y_project` [ RunTime:0.0005s ]
NOTIC: [8] Undefined index: order D:\database\Project\working\company\yan\App\Admin\Controller\UseController.class.php ç¬¬ 221 è¡Œ.
SQL: SELECT COUNT(*) AS tp_count FROM `y_project` LIMIT 1   [ RunTime:0.0002s ]
SQL: SELECT * FROM `y_project` WHERE `super_id` = 'healthy' ORDER BY add_time desc LIMIT 0,30   [ RunTime:0.0003s ]
INFO: [ app_end ] --START--
INFO: Run Behavior\ShowPageTraceBehavior [ RunTime:0.000636s ]
INFO: [ app_end ] --END-- [ RunTime:0.000700s ]

[ 2017-12-25T18:07:25+08:00 ] 192.168.0.105 /yan/index.php/Admin
INFO: [ app_init ] --START--
INFO: Run Behavior\BuildLiteBehavior [ RunTime:0.000009s ]
INFO: [ app_init ] --END-- [ RunTime:0.000257s ]
INFO: [ app_begin ] --START--
INFO: Run Behavior\ReadHtmlCacheBehavior [ RunTime:0.000351s ]
INFO: [ app_begin ] --END-- [ RunTime:0.000382s ]
SQL: SHOW COLUMNS FROM `y_config` [ RunTime:0.0006s ]
SQL: SELECT `app_name` FROM `y_config` LIMIT 1   [ RunTime:0.0003s ]
INFO: [ view_parse ] --START--
INFO: [ template_filter ] --START--
INFO: Run Behavior\ContentReplaceBehavior [ RunTime:0.000214s ]
INFO: [ template_filter ] --END-- [ RunTime:0.000265s ]
INFO: Run Behavior\ParseTemplateBehavior [ RunTime:0.006844s ]
INFO: [ view_parse ] --END-- [ RunTime:0.006883s ]
INFO: [ view_filter ] --START--
INFO: Run Behavior\WriteHtmlCacheBehavior [ RunTime:0.000451s ]
INFO: [ view_filter ] --END-- [ RunTime:0.000494s ]
INFO: [ app_end ] --START--
INFO: Run Behavior\ShowPageTraceBehavior [ RunTime:0.000616s ]
INFO: [ app_end ] --END-- [ RunTime:0.000686s ]

[ 2017-12-25T18:07:25+08:00 ] 192.168.0.105 /yan/index.php/Admin/Project/showList/type/healthy/type_title/%E5%A4%A7%E5%81%A5%E5%BA%B7
INFO: [ app_init ] --START--
INFO: Run Behavior\BuildLiteBehavior [ RunTime:0.000010s ]
INFO: [ app_init ] --END-- [ RunTime:0.000252s ]
INFO: [ app_begin ] --START--
INFO: Run Behavior\ReadHtmlCacheBehavior [ RunTime:0.000356s ]
INFO: [ app_begin ] --END-- [ RunTime:0.000408s ]
SQL: SHOW COLUMNS FROM `y_config` [ RunTime:0.0005s ]
SQL: SELECT `app_name` FROM `y_config` LIMIT 1   [ RunTime:0.0002s ]
SQL: SHOW TABLES LIKE 'y_healthy' [ RunTime:0.0003s ]
INFO: [ view_parse ] --START--
INFO: [ template_filter ] --START--
INFO: Run Behavior\ContentReplaceBehavior [ RunTime:0.000242s ]
INFO: [ template_filter ] --END-- [ RunTime:0.000285s ]
INFO: Run Behavior\ParseTemplateBehavior [ RunTime:0.006136s ]
INFO: [ view_parse ] --END-- [ RunTime:0.006186s ]
INFO: [ view_filter ] --START--
INFO: Run Behavior\WriteHtmlCacheBehavior [ RunTime:0.000451s ]
INFO: [ view_filter ] --END-- [ RunTime:0.000494s ]
INFO: [ app_end ] --START--
INFO: Run Behavior\ShowPageTraceBehavior [ RunTime:0.000476s ]
INFO: [ app_end ] --END-- [ RunTime:0.000533s ]

[ 2017-12-25T18:07:25+08:00 ] 192.168.0.105 /yan/index.php/Admin/Use/getListWhere?page=1&limit=30&table=project&where%5Bsuper_id%5D=healthy
INFO: [ app_init ] --START--
INFO: Run Behavior\BuildLiteBehavior [ RunTime:0.000020s ]
INFO: [ app_init ] --END-- [ RunTime:0.000333s ]
INFO: [ app_begin ] --START--
INFO: Run Behavior\ReadHtmlCacheBehavior [ RunTime:0.000453s ]
INFO: [ app_begin ] --END-- [ RunTime:0.000501s ]
SQL: SHOW COLUMNS FROM `y_config` [ RunTime:0.0005s ]
SQL: SELECT `app_name` FROM `y_config` LIMIT 1   [ RunTime:0.0002s ]
SQL: SHOW COLUMNS FROM `y_project` [ RunTime:0.0005s ]
NOTIC: [8] Undefined index: order D:\database\Project\working\company\yan\App\Admin\Controller\UseController.class.php ç¬¬ 221 è¡Œ.
SQL: SELECT COUNT(*) AS tp_count FROM `y_project` LIMIT 1   [ RunTime:0.0002s ]
SQL: SELECT * FROM `y_project` WHERE `super_id` = 'healthy' ORDER BY add_time desc LIMIT 0,30   [ RunTime:0.0003s ]
INFO: [ app_end ] --START--
INFO: Run Behavior\ShowPageTraceBehavior [ RunTime:0.000509s ]
INFO: [ app_end ] --END-- [ RunTime:0.000548s ]

[ 2017-12-25T18:07:31+08:00 ] 192.168.0.105 /yan/index.php/Admin
INFO: [ app_init ] --START--
INFO: Run Behavior\BuildLiteBehavior [ RunTime:0.000011s ]
INFO: [ app_init ] --END-- [ RunTime:0.000306s ]
INFO: [ app_begin ] --START--
INFO: Run Behavior\ReadHtmlCacheBehavior [ RunTime:0.000497s ]
INFO: [ app_begin ] --END-- [ RunTime:0.000529s ]
SQL: SHOW COLUMNS FROM `y_config` [ RunTime:0.0013s ]
SQL: SELECT `app_name` FROM `y_config` LIMIT 1   [ RunTime:0.0003s ]
INFO: [ view_parse ] --START--
INFO: [ template_filter ] --START--
INFO: Run Behavior\ContentReplaceBehavior [ RunTime:0.000282s ]
INFO: [ template_filter ] --END-- [ RunTime:0.000324s ]
INFO: Run Behavior\ParseTemplateBehavior [ RunTime:0.006942s ]
INFO: [ view_parse ] --END-- [ RunTime:0.006989s ]
INFO: [ view_filter ] --START--
INFO: Run Behavior\WriteHtmlCacheBehavior [ RunTime:0.000378s ]
INFO: [ view_filter ] --END-- [ RunTime:0.000406s ]
INFO: [ app_end ] --START--
INFO: Run Behavior\ShowPageTraceBehavior [ RunTime:0.000765s ]
INFO: [ app_end ] --END-- [ RunTime:0.000820s ]

[ 2017-12-25T18:07:31+08:00 ] 192.168.0.105 /yan/index.php/Admin/Project/showList/type/healthy/type_title/%E5%A4%A7%E5%81%A5%E5%BA%B7
INFO: [ app_init ] --START--
INFO: Run Behavior\BuildLiteBehavior [ RunTime:0.000009s ]
INFO: [ app_init ] --END-- [ RunTime:0.000258s ]
INFO: [ app_begin ] --START--
INFO: Run Behavior\ReadHtmlCacheBehavior [ RunTime:0.000450s ]
INFO: [ app_begin ] --END-- [ RunTime:0.000483s ]
SQL: SHOW COLUMNS FROM `y_config` [ RunTime:0.0005s ]
SQL: SELECT `app_name` FROM `y_config` LIMIT 1   [ RunTime:0.0002s ]
SQL: SHOW TABLES LIKE 'y_healthy' [ RunTime:0.0004s ]
INFO: [ view_parse ] --START--
INFO: [ template_filter ] --START--
INFO: Run Behavior\ContentReplaceBehavior [ RunTime:0.000222s ]
INFO: [ template_filter ] --END-- [ RunTime:0.000259s ]
INFO: Run Behavior\ParseTemplateBehavior [ RunTime:0.006465s ]
INFO: [ view_parse ] --END-- [ RunTime:0.006506s ]
INFO: [ view_filter ] --START--
INFO: Run Behavior\WriteHtmlCacheBehavior [ RunTime:0.000548s ]
INFO: [ view_filter ] --END-- [ RunTime:0.000598s ]
INFO: [ app_end ] --START--
INFO: Run Behavior\ShowPageTraceBehavior [ RunTime:0.000826s ]
INFO: [ app_end ] --END-- [ RunTime:0.000892s ]

[ 2017-12-25T18:07:31+08:00 ] 192.168.0.105 /yan/index.php/Admin/Use/getListWhere?page=1&limit=30&table=project&where%5Bsuper_id%5D=healthy
INFO: [ app_init ] --START--
INFO: Run Behavior\BuildLiteBehavior [ RunTime:0.000012s ]
INFO: [ app_init ] --END-- [ RunTime:0.000311s ]
INFO: [ app_begin ] --START--
INFO: Run Behavior\ReadHtmlCacheBehavior [ RunTime:0.000512s ]
INFO: [ app_begin ] --END-- [ RunTime:0.000551s ]
SQL: SHOW COLUMNS FROM `y_config` [ RunTime:0.0004s ]
SQL: SELECT `app_name` FROM `y_config` LIMIT 1   [ RunTime:0.0002s ]
SQL: SHOW COLUMNS FROM `y_project` [ RunTime:0.0004s ]
NOTIC: [8] Undefined index: order D:\database\Project\working\company\yan\App\Admin\Controller\UseController.class.php ç¬¬ 221 è¡Œ.
SQL: SELECT COUNT(*) AS tp_count FROM `y_project` LIMIT 1   [ RunTime:0.0001s ]
SQL: SELECT * FROM `y_project` WHERE `super_id` = 'healthy' ORDER BY add_time desc LIMIT 0,30   [ RunTime:0.0003s ]
INFO: [ app_end ] --START--
INFO: Run Behavior\ShowPageTraceBehavior [ RunTime:0.000849s ]
INFO: [ app_end ] --END-- [ RunTime:0.000892s ]

[ 2017-12-25T18:07:33+08:00 ] 192.168.0.105 /yan/index.php/Admin
INFO: [ app_init ] --START--
INFO: Run Behavior\BuildLiteBehavior [ RunTime:0.000010s ]
INFO: [ app_init ] --END-- [ RunTime:0.000319s ]
INFO: [ app_begin ] --START--
INFO: Run Behavior\ReadHtmlCacheBehavior [ RunTime:0.000576s ]
INFO: [ app_begin ] --END-- [ RunTime:0.000616s ]
SQL: SHOW COLUMNS FROM `y_config` [ RunTime:0.0005s ]
SQL: SELECT `app_name` FROM `y_config` LIMIT 1   [ RunTime:0.0002s ]
INFO: [ view_parse ] --START--
INFO: [ template_filter ] --START--
INFO: Run Behavior\ContentReplaceBehavior [ RunTime:0.000202s ]
INFO: [ template_filter ] --END-- [ RunTime:0.000242s ]
INFO: Run Behavior\ParseTemplateBehavior [ RunTime:0.007244s ]
INFO: [ view_parse ] --END-- [ RunTime:0.007290s ]
INFO: [ view_filter ] --START--
INFO: Run Behavior\WriteHtmlCacheBehavior [ RunTime:0.000402s ]
INFO: [ view_filter ] --END-- [ RunTime:0.000455s ]
INFO: [ app_end ] --START--
INFO: Run Behavior\ShowPageTraceBehavior [ RunTime:0.001056s ]
INFO: [ app_end ] --END-- [ RunTime:0.001167s ]

[ 2017-12-25T18:07:33+08:00 ] 192.168.0.105 /yan/index.php/Admin/Project/showList/type/healthy/type_title/%E5%A4%A7%E5%81%A5%E5%BA%B7
INFO: [ app_init ] --START--
INFO: Run Behavior\BuildLiteBehavior [ RunTime:0.000009s ]
INFO: [ app_init ] --END-- [ RunTime:0.000258s ]
INFO: [ app_begin ] --START--
INFO: Run Behavior\ReadHtmlCacheBehavior [ RunTime:0.000448s ]
INFO: [ app_begin ] --END-- [ RunTime:0.000495s ]
SQL: SHOW COLUMNS FROM `y_config` [ RunTime:0.0004s ]
SQL: SELECT `app_name` FROM `y_config` LIMIT 1   [ RunTime:0.0002s ]
SQL: SHOW TABLES LIKE 'y_healthy' [ RunTime:0.0003s ]
INFO: [ view_parse ] --START--
INFO: [ template_filter ] --START--
INFO: Run Behavior\ContentReplaceBehavior [ RunTime:0.000241s ]
INFO: [ template_filter ] --END-- [ RunTime:0.000282s ]
INFO: Run Behavior\ParseTemplateBehavior [ RunTime:0.057247s ]
INFO: [ view_parse ] --END-- [ RunTime:0.057309s ]
INFO: [ view_filter ] --START--
INFO: Run Behavior\WriteHtmlCacheBehavior [ RunTime:0.000386s ]
INFO: [ view_filter ] --END-- [ RunTime:0.000418s ]
INFO: [ app_end ] --START--
INFO: Run Behavior\ShowPageTraceBehavior [ RunTime:0.001490s ]
INFO: [ app_end ] --END-- [ RunTime:0.001560s ]

[ 2017-12-25T18:07:33+08:00 ] 192.168.0.105 /yan/index.php/Admin/Use/getListWhere?page=1&limit=30&table=project&where%5Bsuper_id%5D=healthy
INFO: [ app_init ] --START--
INFO: Run Behavior\BuildLiteBehavior [ RunTime:0.000011s ]
INFO: [ app_init ] --END-- [ RunTime:0.000320s ]
INFO: [ app_begin ] --START--
INFO: Run Behavior\ReadHtmlCacheBehavior [ RunTime:0.000557s ]
INFO: [ app_begin ] --END-- [ RunTime:0.000607s ]
SQL: SHOW COLUMNS FROM `y_config` [ RunTime:0.0004s ]
SQL: SELECT `app_name` FROM `y_config` LIMIT 1   [ RunTime:0.0001s ]
SQL: SHOW COLUMNS FROM `y_project` [ RunTime:0.0003s ]
NOTIC: [8] Undefined index: order D:\database\Project\working\company\yan\App\Admin\Controller\UseController.class.php ç¬¬ 221 è¡Œ.
SQL: SELECT COUNT(*) AS tp_count FROM `y_project` LIMIT 1   [ RunTime:0.0001s ]
SQL: SELECT * FROM `y_project` WHERE `super_id` = 'healthy' ORDER BY add_time desc LIMIT 0,30   [ RunTime:0.0002s ]
INFO: [ app_end ] --START--
INFO: Run Behavior\ShowPageTraceBehavior [ RunTime:0.000611s ]
INFO: [ app_end ] --END-- [ RunTime:0.000642s ]

[ 2017-12-25T18:07:36+08:00 ] 192.168.0.105 /yan/index.php/Admin
INFO: [ app_init ] --START--
INFO: Run Behavior\BuildLiteBehavior [ RunTime:0.000009s ]
INFO: [ app_init ] --END-- [ RunTime:0.000268s ]
INFO: [ app_begin ] --START--
INFO: Run Behavior\ReadHtmlCacheBehavior [ RunTime:0.000454s ]
INFO: [ app_begin ] --END-- [ RunTime:0.000488s ]
SQL: SHOW COLUMNS FROM `y_config` [ RunTime:0.0005s ]
SQL: SELECT `app_name` FROM `y_config` LIMIT 1   [ RunTime:0.0002s ]
INFO: [ view_parse ] --START--
INFO: [ template_filter ] --START--
INFO: Run Behavior\ContentReplaceBehavior [ RunTime:0.000275s ]
INFO: [ template_filter ] --END-- [ RunTime:0.000326s ]
INFO: Run Behavior\ParseTemplateBehavior [ RunTime:0.007062s ]
INFO: [ view_parse ] --END-- [ RunTime:0.007117s ]
INFO: [ view_filter ] --START--
INFO: Run Behavior\WriteHtmlCacheBehavior [ RunTime:0.000568s ]
INFO: [ view_filter ] --END-- [ RunTime:0.000610s ]
INFO: [ app_end ] --START--
INFO: Run Behavior\ShowPageTraceBehavior [ RunTime:0.000779s ]
INFO: [ app_end ] --END-- [ RunTime:0.000844s ]

[ 2017-12-25T18:07:36+08:00 ] 192.168.0.105 /yan/index.php/Admin/Project/showList/type/healthy/type_title/%E5%A4%A7%E5%81%A5%E5%BA%B7
INFO: [ app_init ] --START--
INFO: Run Behavior\BuildLiteBehavior [ RunTime:0.000011s ]
INFO: [ app_init ] --END-- [ RunTime:0.000304s ]
INFO: [ app_begin ] --START--
INFO: Run Behavior\ReadHtmlCacheBehavior [ RunTime:0.000512s ]
INFO: [ app_begin ] --END-- [ RunTime:0.000546s ]
SQL: SHOW COLUMNS FROM `y_config` [ RunTime:0.0004s ]
SQL: SELECT `app_name` FROM `y_config` LIMIT 1   [ RunTime:0.0002s ]
SQL: SHOW TABLES LIKE 'y_healthy' [ RunTime:0.0004s ]
INFO: [ view_parse ] --START--
INFO: [ template_filter ] --START--
INFO: Run Behavior\ContentReplaceBehavior [ RunTime:0.000247s ]
INFO: [ template_filter ] --END-- [ RunTime:0.000300s ]
INFO: Run Behavior\ParseTemplateBehavior [ RunTime:0.008218s ]
INFO: [ view_parse ] --END-- [ RunTime:0.008264s ]
INFO: [ view_filter ] --START--
INFO: Run Behavior\WriteHtmlCacheBehavior [ RunTime:0.000548s ]
INFO: [ view_filter ] --END-- [ RunTime:0.000595s ]
INFO: [ app_end ] --START--
INFO: Run Behavior\ShowPageTraceBehavior [ RunTime:0.000773s ]
INFO: [ app_end ] --END-- [ RunTime:0.000838s ]

[ 2017-12-25T18:07:36+08:00 ] 192.168.0.105 /yan/index.php/Admin/Use/getListWhere?page=1&limit=30&table=project&where%5Bsuper_id%5D=healthy
INFO: [ app_init ] --START--
INFO: Run Behavior\BuildLiteBehavior [ RunTime:0.000010s ]
INFO: [ app_init ] --END-- [ RunTime:0.000265s ]
INFO: [ app_begin ] --START--
INFO: Run Behavior\ReadHtmlCacheBehavior [ RunTime:0.000464s ]
INFO: [ app_begin ] --END-- [ RunTime:0.000499s ]
SQL: SHOW COLUMNS FROM `y_config` [ RunTime:0.0004s ]
SQL: SELECT `app_name` FROM `y_config` LIMIT 1   [ RunTime:0.0001s ]
SQL: SHOW COLUMNS FROM `y_project` [ RunTime:0.0003s ]
NOTIC: [8] Undefined index: order D:\database\Project\working\company\yan\App\Admin\Controller\UseController.class.php ç¬¬ 221 è¡Œ.
SQL: SELECT COUNT(*) AS tp_count FROM `y_project` LIMIT 1   [ RunTime:0.0001s ]
SQL: SELECT * FROM `y_project` WHERE `super_id` = 'healthy' ORDER BY add_time desc LIMIT 0,30   [ RunTime:0.0002s ]
INFO: [ app_end ] --START--
INFO: Run Behavior\ShowPageTraceBehavior [ RunTime:0.000609s ]
INFO: [ app_end ] --END-- [ RunTime:0.000641s ]

